#
# A fatal error has been detected by the Java Runtime Environment:
#
#  SIGBUS (0xa) at pc=0x00000001133a9db2, pid=77585, tid=82947
#
# JRE version: OpenJDK Runtime Environment AdoptOpenJDK-11.0.11+9 (11.0.11+9) (build 11.0.11+9)
# Java VM: OpenJDK 64-Bit Server VM AdoptOpenJDK-11.0.11+9 (11.0.11+9, mixed mode, tiered, compressed oops, parallel gc, bsd-amd64)
# Problematic frame:
# V  [libjvm.dylib+0x3a9db2]  InterpreterRuntime::throw_ArrayIndexOutOfBoundsException(JavaThread*, arrayOopDesc*, int)+0x86
#
# No core dump will be written. Core dumps have been disabled. To enable core dumping, try "ulimit -c unlimited" before starting Java again
#
# If you would like to submit a bug report, please visit:
#   https://github.com/AdoptOpenJDK/openjdk-support/issues
#

---------------  S U M M A R Y ------------

Command Line: --add-modules=ALL-SYSTEM --add-opens=java.base/java.util=ALL-UNNAMED --add-opens=java.base/java.lang=ALL-UNNAMED -Declipse.application=org.eclipse.jdt.ls.core.id1 -Dosgi.bundles.defaultStartLevel=4 -Declipse.product=org.eclipse.jdt.ls.core.product -Dfile.encoding=utf8 -XX:+UseParallelGC -XX:GCTimeRatio=4 -XX:AdaptiveSizePolicyWeight=90 -Dsun.zip.disableMemoryMapping=true -Xmx1G -Xms100m -javaagent:/Users/jaydoubleu/.vscode/extensions/gabrielbb.vscode-lombok-1.0.1/server/lombok.jar -Xverify:none /Users/jaydoubleu/.vscode/extensions/redhat.java-0.81.0/server/plugins/org.eclipse.equinox.launcher_1.6.200.v20210416-2027.jar -configuration /Users/jaydoubleu/Library/Application Support/Code/User/globalStorage/redhat.java/0.81.0/config_ss_mac -data /Users/jaydoubleu/Library/Application Support/Code/User/workspaceStorage/4d6e759840acb6f08c4eda1abae68d39/redhat.java/ss_ws

Host: MacBookAir9,1 x86_64 1100 MHz, 8 cores, 8G, Darwin 20.6.0
Time: Thu Sep  2 11:05:39 2021 EDT elapsed time: 10.599999 seconds (0d 0h 0m 10s)

---------------  T H R E A D  ---------------

Current thread (0x00007feb0a950800):  JavaThread "pool-1-thread-1" [_thread_in_vm, id=82947, stack(0x000070000951f000,0x000070000961f000)]

Stack: [0x000070000951f000,0x000070000961f000],  sp=0x000070000961cf90,  free space=1015k
Native frames: (J=compiled Java code, A=aot compiled Java code, j=interpreted, Vv=VM code, C=native code)
V  [libjvm.dylib+0x3a9db2]  InterpreterRuntime::throw_ArrayIndexOutOfBoundsException(JavaThread*, arrayOopDesc*, int)+0x86
j  org.eclipse.jdt.internal.compiler.parser.Scanner.getNextToken0()I+93
j  org.eclipse.jdt.internal.compiler.parser.Scanner.getNextToken()I+47
j  org.eclipse.jdt.internal.compiler.parser.Parser.fetchNextToken()I+4
j  org.eclipse.jdt.internal.compiler.parser.Parser.parse()V+329
j  org.eclipse.jdt.internal.compiler.parser.Parser.parse(Lorg/eclipse/jdt/internal/compiler/env/ICompilationUnit;Lorg/eclipse/jdt/internal/compiler/CompilationResult;II)Lorg/eclipse/jdt/internal/compiler/ast/CompilationUnitDeclaration;+178
j  org.eclipse.jdt.internal.compiler.parser.Parser.parse(Lorg/eclipse/jdt/internal/compiler/env/ICompilationUnit;Lorg/eclipse/jdt/internal/compiler/CompilationResult;)Lorg/eclipse/jdt/internal/compiler/ast/CompilationUnitDeclaration;+5
j  org.eclipse.jdt.internal.compiler.SourceElementParser.parseCompilationUnit(Lorg/eclipse/jdt/internal/compiler/env/ICompilationUnit;ZLorg/eclipse/core/runtime/IProgressMonitor;)Lorg/eclipse/jdt/internal/compiler/ast/CompilationUnitDeclaration;+53
j  org.eclipse.jdt.internal.core.CompilationUnit.buildStructure(Lorg/eclipse/jdt/internal/core/OpenableElementInfo;Lorg/eclipse/core/runtime/IProgressMonitor;Ljava/util/Map;Lorg/eclipse/core/resources/IResource;)Z+523
J 3146 c1 org.eclipse.jdt.internal.core.Openable.generateInfos(Ljava/lang/Object;Ljava/util/HashMap;Lorg/eclipse/core/runtime/IProgressMonitor;)V (281 bytes) @ 0x00000001213e0a84 [0x00000001213e04a0+0x00000000000005e4]
J 3159 c1 org.eclipse.jdt.internal.core.JavaElement.openWhenClosed(Ljava/lang/Object;ZLorg/eclipse/core/runtime/IProgressMonitor;)Ljava/lang/Object; (169 bytes) @ 0x00000001213ed36c [0x00000001213ed160+0x000000000000020c]
j  org.eclipse.jdt.internal.core.BecomeWorkingCopyOperation.executeOperation()V+29
j  org.eclipse.jdt.internal.core.JavaModelOperation.run(Lorg/eclipse/core/runtime/IProgressMonitor;)V+55
j  org.eclipse.jdt.internal.core.JavaModelOperation.runOperation(Lorg/eclipse/core/runtime/IProgressMonitor;)V+32
j  org.eclipse.jdt.internal.core.CompilationUnit.becomeWorkingCopy(Lorg/eclipse/jdt/core/IProblemRequestor;Lorg/eclipse/core/runtime/IProgressMonitor;)V+37
j  org.eclipse.jdt.internal.core.CompilationUnit.becomeWorkingCopy(Lorg/eclipse/core/runtime/IProgressMonitor;)V+23
j  org.eclipse.jdt.ls.core.internal.handlers.BaseDocumentLifeCycleHandler.handleOpen(Lorg/eclipse/lsp4j/DidOpenTextDocumentParams;)Lorg/eclipse/jdt/core/ICompilationUnit;+144
j  org.eclipse.jdt.ls.core.internal.handlers.BaseDocumentLifeCycleHandler$5.run(Lorg/eclipse/core/runtime/IProgressMonitor;)V+8
j  org.eclipse.core.internal.resources.Workspace.run(Lorg/eclipse/core/runtime/ICoreRunnable;Lorg/eclipse/core/runtime/jobs/ISchedulingRule;ILorg/eclipse/core/runtime/IProgressMonitor;)V+69
j  org.eclipse.core.internal.resources.Workspace.run(Lorg/eclipse/core/resources/IWorkspaceRunnable;Lorg/eclipse/core/runtime/jobs/ISchedulingRule;ILorg/eclipse/core/runtime/IProgressMonitor;)V+6
j  org.eclipse.jdt.ls.core.internal.handlers.BaseDocumentLifeCycleHandler.didOpen(Lorg/eclipse/lsp4j/DidOpenTextDocumentParams;)V+32
j  org.eclipse.jdt.ls.core.internal.syntaxserver.SyntaxLanguageServer.didOpen(Lorg/eclipse/lsp4j/DidOpenTextDocumentParams;)V+11
v  ~StubRoutines::call_stub
V  [libjvm.dylib+0x3b09e0]  JavaCalls::call_helper(JavaValue*, methodHandle const&, JavaCallArguments*, Thread*)+0x21a
V  [libjvm.dylib+0x67e9e5]  invoke(InstanceKlass*, methodHandle const&, Handle, bool, objArrayHandle, BasicType, objArrayHandle, bool, Thread*)+0x541
V  [libjvm.dylib+0x67e45a]  Reflection::invoke_method(oopDesc*, Handle, objArrayHandle, Thread*)+0xf4
V  [libjvm.dylib+0x43a631]  JVM_InvokeMethod+0x21e
j  jdk.internal.reflect.NativeMethodAccessorImpl.invoke0(Ljava/lang/reflect/Method;Ljava/lang/Object;[Ljava/lang/Object;)Ljava/lang/Object;+0 java.base@11.0.11
j  jdk.internal.reflect.NativeMethodAccessorImpl.invoke(Ljava/lang/Object;[Ljava/lang/Object;)Ljava/lang/Object;+100 java.base@11.0.11
J 1160 c1 jdk.internal.reflect.DelegatingMethodAccessorImpl.invoke(Ljava/lang/Object;[Ljava/lang/Object;)Ljava/lang/Object; java.base@11.0.11 (10 bytes) @ 0x0000000120fa294c [0x0000000120fa2840+0x000000000000010c]
J 1159 c1 java.lang.reflect.Method.invoke(Ljava/lang/Object;[Ljava/lang/Object;)Ljava/lang/Object; java.base@11.0.11 (65 bytes) @ 0x0000000120fa3064 [0x0000000120fa2d20+0x0000000000000344]
j  org.eclipse.lsp4j.jsonrpc.services.GenericEndpoint.lambda$null$0(Lorg/eclipse/lsp4j/jsonrpc/services/AnnotationUtil$MethodInfo;Ljava/lang/Object;Ljava/lang/Object;)Ljava/util/concurrent/CompletableFuture;+20
j  org.eclipse.lsp4j.jsonrpc.services.GenericEndpoint$$Lambda$166.apply(Ljava/lang/Object;)Ljava/lang/Object;+13
j  org.eclipse.lsp4j.jsonrpc.services.GenericEndpoint.notify(Ljava/lang/String;Ljava/lang/Object;)V+18
j  org.eclipse.lsp4j.jsonrpc.RemoteEndpoint.handleNotification(Lorg/eclipse/lsp4j/jsonrpc/messages/NotificationMessage;)V+20
j  org.eclipse.lsp4j.jsonrpc.RemoteEndpoint.consume(Lorg/eclipse/lsp4j/jsonrpc/messages/Message;)V+14
j  org.eclipse.jdt.ls.core.internal.ParentProcessWatcher.lambda$0(Lorg/eclipse/lsp4j/jsonrpc/MessageConsumer;Lorg/eclipse/lsp4j/jsonrpc/messages/Message;)V+9
j  org.eclipse.jdt.ls.core.internal.ParentProcessWatcher$$Lambda$162.consume(Lorg/eclipse/lsp4j/jsonrpc/messages/Message;)V+9
j  org.eclipse.lsp4j.jsonrpc.json.StreamMessageProducer.handleMessage(Ljava/io/InputStream;Lorg/eclipse/lsp4j/jsonrpc/json/StreamMessageProducer$Headers;)Z+99
j  org.eclipse.lsp4j.jsonrpc.json.StreamMessageProducer.listen(Lorg/eclipse/lsp4j/jsonrpc/MessageConsumer;)V+158
j  org.eclipse.lsp4j.jsonrpc.json.ConcurrentMessageProcessor.run()V+12
j  java.util.concurrent.Executors$RunnableAdapter.call()Ljava/lang/Object;+4 java.base@11.0.11
j  java.util.concurrent.FutureTask.run()V+39 java.base@11.0.11
j  java.util.concurrent.ThreadPoolExecutor.runWorker(Ljava/util/concurrent/ThreadPoolExecutor$Worker;)V+92 java.base@11.0.11
j  java.util.concurrent.ThreadPoolExecutor$Worker.run()V+5 java.base@11.0.11
j  java.lang.Thread.run()V+11 java.base@11.0.11
v  ~StubRoutines::call_stub
V  [libjvm.dylib+0x3b09e0]  JavaCalls::call_helper(JavaValue*, methodHandle const&, JavaCallArguments*, Thread*)+0x21a
V  [libjvm.dylib+0x3afe2a]  JavaCalls::call_virtual(JavaValue*, Klass*, Symbol*, Symbol*, JavaCallArguments*, Thread*)+0xee
V  [libjvm.dylib+0x3afee6]  JavaCalls::call_virtual(JavaValue*, Handle, Klass*, Symbol*, Symbol*, Thread*)+0x62
V  [libjvm.dylib+0x436a2e]  thread_entry(JavaThread*, Thread*)+0x78
V  [libjvm.dylib+0x7732a6]  JavaThread::thread_main_inner()+0x82
V  [libjvm.dylib+0x7730f0]  JavaThread::run()+0x174
V  [libjvm.dylib+0x770fcc]  Thread::call_run()+0x68
V  [libjvm.dylib+0x62014b]  thread_native_entry(Thread*)+0x139
C  [libsystem_pthread.dylib+0x68fc]  _pthread_start+0xe0
C  [libsystem_pthread.dylib+0x2443]  thread_start+0xf

Java frames: (J=compiled Java code, j=interpreted, Vv=VM code)
j  org.eclipse.jdt.internal.compiler.parser.Scanner.getNextToken0()I+93
j  org.eclipse.jdt.internal.compiler.parser.Scanner.getNextToken()I+47
j  org.eclipse.jdt.internal.compiler.parser.Parser.fetchNextToken()I+4
j  org.eclipse.jdt.internal.compiler.parser.Parser.parse()V+329
j  org.eclipse.jdt.internal.compiler.parser.Parser.parse(Lorg/eclipse/jdt/internal/compiler/env/ICompilationUnit;Lorg/eclipse/jdt/internal/compiler/CompilationResult;II)Lorg/eclipse/jdt/internal/compiler/ast/CompilationUnitDeclaration;+178
j  org.eclipse.jdt.internal.compiler.parser.Parser.parse(Lorg/eclipse/jdt/internal/compiler/env/ICompilationUnit;Lorg/eclipse/jdt/internal/compiler/CompilationResult;)Lorg/eclipse/jdt/internal/compiler/ast/CompilationUnitDeclaration;+5
j  org.eclipse.jdt.internal.compiler.SourceElementParser.parseCompilationUnit(Lorg/eclipse/jdt/internal/compiler/env/ICompilationUnit;ZLorg/eclipse/core/runtime/IProgressMonitor;)Lorg/eclipse/jdt/internal/compiler/ast/CompilationUnitDeclaration;+53
j  org.eclipse.jdt.internal.core.CompilationUnit.buildStructure(Lorg/eclipse/jdt/internal/core/OpenableElementInfo;Lorg/eclipse/core/runtime/IProgressMonitor;Ljava/util/Map;Lorg/eclipse/core/resources/IResource;)Z+523
J 3146 c1 org.eclipse.jdt.internal.core.Openable.generateInfos(Ljava/lang/Object;Ljava/util/HashMap;Lorg/eclipse/core/runtime/IProgressMonitor;)V (281 bytes) @ 0x00000001213e0a84 [0x00000001213e04a0+0x00000000000005e4]
J 3159 c1 org.eclipse.jdt.internal.core.JavaElement.openWhenClosed(Ljava/lang/Object;ZLorg/eclipse/core/runtime/IProgressMonitor;)Ljava/lang/Object; (169 bytes) @ 0x00000001213ed36c [0x00000001213ed160+0x000000000000020c]
j  org.eclipse.jdt.internal.core.BecomeWorkingCopyOperation.executeOperation()V+29
j  org.eclipse.jdt.internal.core.JavaModelOperation.run(Lorg/eclipse/core/runtime/IProgressMonitor;)V+55
j  org.eclipse.jdt.internal.core.JavaModelOperation.runOperation(Lorg/eclipse/core/runtime/IProgressMonitor;)V+32
j  org.eclipse.jdt.internal.core.CompilationUnit.becomeWorkingCopy(Lorg/eclipse/jdt/core/IProblemRequestor;Lorg/eclipse/core/runtime/IProgressMonitor;)V+37
j  org.eclipse.jdt.internal.core.CompilationUnit.becomeWorkingCopy(Lorg/eclipse/core/runtime/IProgressMonitor;)V+23
j  org.eclipse.jdt.ls.core.internal.handlers.BaseDocumentLifeCycleHandler.handleOpen(Lorg/eclipse/lsp4j/DidOpenTextDocumentParams;)Lorg/eclipse/jdt/core/ICompilationUnit;+144
j  org.eclipse.jdt.ls.core.internal.handlers.BaseDocumentLifeCycleHandler$5.run(Lorg/eclipse/core/runtime/IProgressMonitor;)V+8
j  org.eclipse.core.internal.resources.Workspace.run(Lorg/eclipse/core/runtime/ICoreRunnable;Lorg/eclipse/core/runtime/jobs/ISchedulingRule;ILorg/eclipse/core/runtime/IProgressMonitor;)V+69
j  org.eclipse.core.internal.resources.Workspace.run(Lorg/eclipse/core/resources/IWorkspaceRunnable;Lorg/eclipse/core/runtime/jobs/ISchedulingRule;ILorg/eclipse/core/runtime/IProgressMonitor;)V+6
j  org.eclipse.jdt.ls.core.internal.handlers.BaseDocumentLifeCycleHandler.didOpen(Lorg/eclipse/lsp4j/DidOpenTextDocumentParams;)V+32
j  org.eclipse.jdt.ls.core.internal.syntaxserver.SyntaxLanguageServer.didOpen(Lorg/eclipse/lsp4j/DidOpenTextDocumentParams;)V+11
v  ~StubRoutines::call_stub
j  jdk.internal.reflect.NativeMethodAccessorImpl.invoke0(Ljava/lang/reflect/Method;Ljava/lang/Object;[Ljava/lang/Object;)Ljava/lang/Object;+0 java.base@11.0.11
j  jdk.internal.reflect.NativeMethodAccessorImpl.invoke(Ljava/lang/Object;[Ljava/lang/Object;)Ljava/lang/Object;+100 java.base@11.0.11
J 1160 c1 jdk.internal.reflect.DelegatingMethodAccessorImpl.invoke(Ljava/lang/Object;[Ljava/lang/Object;)Ljava/lang/Object; java.base@11.0.11 (10 bytes) @ 0x0000000120fa294c [0x0000000120fa2840+0x000000000000010c]
J 1159 c1 java.lang.reflect.Method.invoke(Ljava/lang/Object;[Ljava/lang/Object;)Ljava/lang/Object; java.base@11.0.11 (65 bytes) @ 0x0000000120fa3064 [0x0000000120fa2d20+0x0000000000000344]
j  org.eclipse.lsp4j.jsonrpc.services.GenericEndpoint.lambda$null$0(Lorg/eclipse/lsp4j/jsonrpc/services/AnnotationUtil$MethodInfo;Ljava/lang/Object;Ljava/lang/Object;)Ljava/util/concurrent/CompletableFuture;+20
j  org.eclipse.lsp4j.jsonrpc.services.GenericEndpoint$$Lambda$166.apply(Ljava/lang/Object;)Ljava/lang/Object;+13
j  org.eclipse.lsp4j.jsonrpc.services.GenericEndpoint.notify(Ljava/lang/String;Ljava/lang/Object;)V+18
j  org.eclipse.lsp4j.jsonrpc.RemoteEndpoint.handleNotification(Lorg/eclipse/lsp4j/jsonrpc/messages/NotificationMessage;)V+20
j  org.eclipse.lsp4j.jsonrpc.RemoteEndpoint.consume(Lorg/eclipse/lsp4j/jsonrpc/messages/Message;)V+14
j  org.eclipse.jdt.ls.core.internal.ParentProcessWatcher.lambda$0(Lorg/eclipse/lsp4j/jsonrpc/MessageConsumer;Lorg/eclipse/lsp4j/jsonrpc/messages/Message;)V+9
j  org.eclipse.jdt.ls.core.internal.ParentProcessWatcher$$Lambda$162.consume(Lorg/eclipse/lsp4j/jsonrpc/messages/Message;)V+9
j  org.eclipse.lsp4j.jsonrpc.json.StreamMessageProducer.handleMessage(Ljava/io/InputStream;Lorg/eclipse/lsp4j/jsonrpc/json/StreamMessageProducer$Headers;)Z+99
j  org.eclipse.lsp4j.jsonrpc.json.StreamMessageProducer.listen(Lorg/eclipse/lsp4j/jsonrpc/MessageConsumer;)V+158
j  org.eclipse.lsp4j.jsonrpc.json.ConcurrentMessageProcessor.run()V+12
j  java.util.concurrent.Executors$RunnableAdapter.call()Ljava/lang/Object;+4 java.base@11.0.11
j  java.util.concurrent.FutureTask.run()V+39 java.base@11.0.11
j  java.util.concurrent.ThreadPoolExecutor.runWorker(Ljava/util/concurrent/ThreadPoolExecutor$Worker;)V+92 java.base@11.0.11
j  java.util.concurrent.ThreadPoolExecutor$Worker.run()V+5 java.base@11.0.11
j  java.lang.Thread.run()V+11 java.base@11.0.11
v  ~StubRoutines::call_stub

siginfo: si_signo: 10 (SIGBUS), si_code: 2 (BUS_ADRERR), si_addr: 0x00000007ec4a1d0c

Register to memory mapping:

RAX=0x00000001139bdf79: UseCompressedClassPointers+0 in /Library/Java/JavaVirtualMachines/adoptopenjdk-11.jdk/Contents/Home/lib/server/libjvm.dylib at 0x0000000113000000
RBX=0x00007feb0a950800 is a thread
RCX=0x0 is NULL
RDX=0x00007feb06500000 points into unknown readable memory: 0x0000000000000000 | 00 00 00 00 00 00 00 00
RSP=0x000070000961cf90 is pointing into the stack for thread: 0x00007feb0a950800
RBP=0x000070000961d040 is pointing into the stack for thread: 0x00007feb0a950800
RSI=0x0000000002000000 is an unknown value
RDI=0x0000000000000cbd is an unknown value
R8 =0x000000000000cbca is an unknown value
R9 =0x000000000000cbd9 is an unknown value
R10=0x00000000fe0003ff is an unknown value
R11=0x000070000961cecf is pointing into the stack for thread: 0x00007feb0a950800
R12=0x000070000961cf90 is pointing into the stack for thread: 0x00007feb0a950800
R13=0x00000007ec4a1d00 is an unallocated location in the heap
R14=0x000070000961cfe8 is pointing into the stack for thread: 0x00007feb0a950800
R15=0x00000000000018be is an unknown value


Registers:
RAX=0x00000001139bdf79, RBX=0x00007feb0a950800, RCX=0x0000000000000000, RDX=0x00007feb06500000
RSP=0x000070000961cf90, RBP=0x000070000961d040, RSI=0x0000000002000000, RDI=0x0000000000000cbd
R8 =0x000000000000cbca, R9 =0x000000000000cbd9, R10=0x00000000fe0003ff, R11=0x000070000961cecf
R12=0x000070000961cf90, R13=0x00000007ec4a1d00, R14=0x000070000961cfe8, R15=0x00000000000018be
RIP=0x00000001133a9db2, EFLAGS=0x0000000000010202, ERR=0x0000000000000004
  TRAPNO=0x000000000000000e

Top of Stack: (sp=0x000070000961cf90)
0x000070000961cf90:   0000000113967d28 0000005000000000
0x000070000961cfa0:   0000000000000000 0000000000000000
0x000070000961cfb0:   0000000000000000 0000000000000000
0x000070000961cfc0:   0000000000000000 00007feb065cfd10
0x000070000961cfd0:   0000000000000000 0000000000000100
0x000070000961cfe0:   00000007ec4a5a00 00007feb08cab0d0
0x000070000961cff0:   00007feb06680ba0 00007feb06680bb0
0x000070000961d000:   00007feb06680f88 00000000000003d8
0x000070000961d010:   00007feb0a950800 00000000000018be
0x000070000961d020:   0000000000000000 000000013aea6e85
0x000070000961d030:   000070000961d120 00007feb0a950800
0x000070000961d040:   000070000961d0a0 0000000120841eb9
0x000070000961d050:   0000000120841e71 000070000961d058
0x000070000961d060:   000000013aea6e85 000070000961d120
0x000070000961d070:   000000013aeb1300 0000000000000000
0x000070000961d080:   00000007c0aadec0 000000013aea7e98
0x000070000961d090:   0000000000000000 000070000961d120
0x000070000961d0a0:   000070000961d170 000000012083d980
0x000070000961d0b0:   0000000000000000 0000000000000000
0x000070000961d0c0:   0000000000000000 0000000000000000
0x000070000961d0d0:   0000000000000000 0000000000000000
0x000070000961d0e0:   0000000000000000 0000000000000000
0x000070000961d0f0:   0000000000000000 0000000000000000
0x000070000961d100:   00000000000018be 0000000000000001
0x000070000961d110:   0000000000000001 00000000000018bd
0x000070000961d120:   00000007c179a7b8 000070000961d128
0x000070000961d130:   000000013aea6ce7 000070000961d188
0x000070000961d140:   000000013aeb1300 0000000000000000
0x000070000961d150:   00000007c0aadec0 000000013aea6d98
0x000070000961d160:   000070000961d120 000070000961d188
0x000070000961d170:   000070000961d1d8 000000012083d980
0x000070000961d180:   0000000000000000 00000007c179a7b8 

Instructions: (pc=0x00000001133a9db2)
0x00000001133a9cb2:   03 4c 8b 20 4c 89 a3 88 03 00 00 4d 85 f6 74 08
0x00000001133a9cc2:   4c 89 f7 e8 58 c4 39 00 48 8d 7d b0 e8 9d 84 18
0x00000001133a9cd2:   00 48 8b 9b f0 00 00 00 4c 8b 73 08 48 8b 43 10
0x00000001133a9ce2:   48 83 38 00 74 19 48 8b 73 28 4c 89 f7 e8 10 d8
0x00000001133a9cf2:   d4 ff 48 8b 7b 10 e8 cf d6 d4 ff 48 8b 43 10 49
0x00000001133a9d02:   89 46 10 48 8b 43 18 49 89 46 18 48 8b 43 20 49
0x00000001133a9d12:   89 46 20 48 8d 7d d8 e8 72 a1 ed ff 48 83 c4 30
0x00000001133a9d22:   5b 41 5c 41 5e 41 5f 5d c3 90 55 48 89 e5 41 57
0x00000001133a9d32:   41 56 41 55 41 54 53 48 81 ec 88 00 00 00 41 89
0x00000001133a9d42:   d7 49 89 f5 48 89 fb 48 89 7d d0 c7 87 c0 03 00
0x00000001133a9d52:   00 06 00 00 00 be 03 00 00 00 48 89 fa e8 90 fa
0x00000001133a9d62:   ff ff 48 83 7b 08 00 0f 85 9c 00 00 00 48 8b 83
0x00000001133a9d72:   78 02 00 00 4c 8d 75 a8 49 89 06 0f 10 40 10 41
0x00000001133a9d82:   0f 11 46 08 0f 10 40 20 41 0f 11 46 18 4c 8d a5
0x00000001133a9d92:   50 ff ff ff be 00 01 00 00 4c 89 e7 e8 5f fc 27
0x00000001133a9da2:   00 48 8d 05 cf 41 61 00 31 c9 80 38 00 0f 94 c1
0x00000001133a9db2:   41 8b 4c 8d 0c 48 8d 35 8c e1 44 00 31 c0 4c 89
0x00000001133a9dc2:   e7 44 89 fa e8 53 f5 27 00 48 8d 05 ee f5 63 00
0x00000001133a9dd2:   4c 8b b8 78 03 00 00 4c 89 e7 e8 1b fe 27 00 48
0x00000001133a9de2:   8d 35 cc 17 47 00 ba bc 01 00 00 48 89 df 4c 89
0x00000001133a9df2:   f9 49 89 c0 e8 a5 70 f4 ff 4c 89 e7 e8 5b fe 27
0x00000001133a9e02:   00 4c 89 f7 e8 65 83 18 00 48 8b 9b f0 00 00 00
0x00000001133a9e12:   4c 8b 73 08 48 8b 43 10 48 83 38 00 74 19 48 8b
0x00000001133a9e22:   73 28 4c 89 f7 e8 d8 d6 d4 ff 48 8b 7b 10 e8 97
0x00000001133a9e32:   d5 d4 ff 48 8b 43 10 49 89 46 10 48 8b 43 18 49
0x00000001133a9e42:   89 46 18 48 8b 43 20 49 89 46 20 48 8d 7d d0 e8
0x00000001133a9e52:   3a a0 ed ff 48 81 c4 88 00 00 00 5b 41 5c 41 5d
0x00000001133a9e62:   41 5e 41 5f 5d c3 55 48 89 e5 41 56 53 48 83 ec
0x00000001133a9e72:   30 48 89 fb 48 89 7d e8 c7 87 c0 03 00 00 06 00
0x00000001133a9e82:   00 00 48 8b 87 78 02 00 00 48 89 45 c0 0f 10 40
0x00000001133a9e92:   10 0f 11 45 c8 0f 10 40 20 0f 11 45 d8 48 8d 05
0x00000001133a9ea2:   d3 40 61 00 80 38 00 74 15 8b 76 08 48 8d 05 db 


Stack slot to memory mapping:
stack at sp + 0 slots: 0x0000000113967d28: _ZTV12stringStream+0x10 in /Library/Java/JavaVirtualMachines/adoptopenjdk-11.jdk/Contents/Home/lib/server/libjvm.dylib at 0x0000000113000000
stack at sp + 1 slots: 0x0000005000000000 is an unknown value
stack at sp + 2 slots: 0x0 is NULL
stack at sp + 3 slots: 0x0 is NULL
stack at sp + 4 slots: 0x0 is NULL
stack at sp + 5 slots: 0x0 is NULL
stack at sp + 6 slots: 0x0 is NULL
stack at sp + 7 slots: 0x00007feb065cfd10 points into unknown readable memory: 0x0000000000000000 | 00 00 00 00 00 00 00 00


---------------  P R O C E S S  ---------------

Threads class SMR info:
_java_thread_list=0x00007feb08ccd630, length=20, elements={
0x00007feb0a809000, 0x00007feb0a01f800, 0x00007feb0a024800, 0x00007feb07016000,
0x00007feb07821000, 0x00007feb07822000, 0x00007feb07822800, 0x00007feb07823800,
0x00007feb0781e000, 0x00007feb08073800, 0x00007feb09af8800, 0x00007feb0980e000,
0x00007feb080d4800, 0x00007feb09103800, 0x00007feb0a1e7000, 0x00007feb079e6000,
0x00007feb080e5800, 0x00007feb080b6000, 0x00007feb06aff000, 0x00007feb0a950800
}

Java Threads: ( => current thread )
  0x00007feb0a809000 JavaThread "main" [_thread_blocked, id=9987, stack(0x0000700007618000,0x0000700007718000)]
  0x00007feb0a01f800 JavaThread "Reference Handler" daemon [_thread_blocked, id=19971, stack(0x0000700007921000,0x0000700007a21000)]
  0x00007feb0a024800 JavaThread "Finalizer" daemon [_thread_blocked, id=12547, stack(0x0000700007a24000,0x0000700007b24000)]
  0x00007feb07016000 JavaThread "Signal Dispatcher" daemon [_thread_blocked, id=16899, stack(0x0000700007c2d000,0x0000700007d2d000)]
  0x00007feb07821000 JavaThread "Service Thread" daemon [_thread_blocked, id=16387, stack(0x0000700007d30000,0x0000700007e30000)]
  0x00007feb07822000 JavaThread "C2 CompilerThread0" daemon [_thread_in_native, id=16131, stack(0x0000700007e33000,0x0000700007f33000)]
  0x00007feb07822800 JavaThread "C1 CompilerThread0" daemon [_thread_blocked, id=15619, stack(0x0000700007f36000,0x0000700008036000)]
  0x00007feb07823800 JavaThread "Sweeper thread" daemon [_thread_blocked, id=14851, stack(0x0000700008039000,0x0000700008139000)]
  0x00007feb0781e000 JavaThread "Common-Cleaner" daemon [_thread_blocked, id=43267, stack(0x000070000813c000,0x000070000823c000)]
  0x00007feb08073800 JavaThread "process reaper" daemon [_thread_blocked, id=42243, stack(0x0000700008445000,0x0000700008469000)]
  0x00007feb09af8800 JavaThread "Active Thread: Equinox Container: 60ff70f7-c033-43b9-a340-6828a368b3a0" [_thread_blocked, id=41475, stack(0x000070000856f000,0x000070000866f000)]
  0x00007feb0980e000 JavaThread "Framework Event Dispatcher: Equinox Container: 60ff70f7-c033-43b9-a340-6828a368b3a0" daemon [_thread_blocked, id=22279, stack(0x000070000823f000,0x000070000833f000)]
  0x00007feb080d4800 JavaThread "Start Level: Equinox Container: 60ff70f7-c033-43b9-a340-6828a368b3a0" daemon [_thread_blocked, id=23811, stack(0x0000700008672000,0x0000700008772000)]
  0x00007feb09103800 JavaThread "SCR Component Actor" daemon [_thread_blocked, id=26379, stack(0x000070000897b000,0x0000700008a7b000)]
  0x00007feb0a1e7000 JavaThread "Worker-JM" [_thread_blocked, id=85763, stack(0x0000700008c04000,0x0000700008d04000)]
  0x00007feb079e6000 JavaThread "Worker-0" [_thread_blocked, id=84995, stack(0x0000700008f0d000,0x000070000900d000)]
  0x00007feb080e5800 JavaThread "Worker-1" [_thread_blocked, id=84483, stack(0x0000700009010000,0x0000700009110000)]
  0x00007feb080b6000 JavaThread "Worker-2: Refreshing workspace" [_thread_blocked, id=46083, stack(0x0000700009113000,0x0000700009213000)]
  0x00007feb06aff000 JavaThread "pool-2-thread-1" [_thread_blocked, id=47111, stack(0x000070000941c000,0x000070000951c000)]
=>0x00007feb0a950800 JavaThread "pool-1-thread-1" [_thread_in_vm, id=82947, stack(0x000070000951f000,0x000070000961f000)]

Other Threads:
  0x00007feb07814800 VMThread "VM Thread" [stack: 0x000070000781e000,0x000070000791e000] [id=20483]
  0x00007feb07904800 WatcherThread [stack: 0x0000700008342000,0x0000700008442000] [id=42499]
  0x00007feb0a80f000 GCTaskThread "ParGC Thread#0" [stack: 0x000070000771b000,0x000070000781b000] [id=11523]
  0x00007feb0704f000 GCTaskThread "ParGC Thread#1" [stack: 0x000070000846c000,0x000070000856c000] [id=41731]
  0x00007feb0902e000 GCTaskThread "ParGC Thread#2" [stack: 0x0000700008775000,0x0000700008875000] [id=26635]
  0x00007feb0a1a2800 GCTaskThread "ParGC Thread#3" [stack: 0x0000700008878000,0x0000700008978000] [id=36867]
  0x00007feb079ac000 GCTaskThread "ParGC Thread#4" [stack: 0x0000700008d07000,0x0000700008e07000] [id=85507]
  0x00007feb079b4800 GCTaskThread "ParGC Thread#5" [stack: 0x0000700008e0a000,0x0000700008f0a000] [id=45059]
  0x00007feb0a198800 GCTaskThread "ParGC Thread#6" [stack: 0x0000700009216000,0x0000700009316000] [id=46339]
  0x00007feb0791c000 GCTaskThread "ParGC Thread#7" [stack: 0x0000700009319000,0x0000700009419000] [id=83715]

Threads with active compile tasks:
C2 CompilerThread0  10640 3280 %     4       java.util.Properties$LineReader::readLine @ 53 (635 bytes)

VM state:not at safepoint (normal execution)

VM Mutex/Monitor currently owned by a thread: None

Heap address: 0x00000007c0000000, size: 1024 MB, Compressed Oops mode: Zero based, Oop shift amount: 3
Narrow klass base: 0x0000000800000000, Narrow klass shift: 0
Compressed class space size: 1073741824 Address: 0x0000000800000000

Heap:
 PSYoungGen      total 24064K, used 47K [0x00000007eab00000, 0x00000007ec480000, 0x0000000800000000)
  eden space 22016K, 0% used [0x00000007eab00000,0x00000007eab0bee8,0x00000007ec080000)
  from space 2048K, 0% used [0x00000007ec100000,0x00000007ec100000,0x00000007ec300000)
  to   space 1024K, 0% used [0x00000007ec380000,0x00000007ec380000,0x00000007ec480000)
 ParOldGen       total 68608K, used 24780K [0x00000007c0000000, 0x00000007c4300000, 0x00000007eab00000)
  object space 68608K, 36% used [0x00000007c0000000,0x00000007c18333a0,0x00000007c4300000)
 Metaspace       used 33108K, capacity 35239K, committed 35672K, reserved 1081344K
  class space    used 3140K, capacity 3854K, committed 3928K, reserved 1048576K

Card table byte_map: [0x0000000113fb6000,0x00000001141b7000] _byte_map_base: 0x00000001101b6000

Marking Bits: (ParMarkBitMap*) 0x00000001139d0330
 Begin Bits: [0x000000011430d000, 0x000000011530d000)
 End Bits:   [0x000000011530d000, 0x000000011630d000)

Polling page: 0x000000010ef23000

Metaspace:

Usage:
  Non-class:     30.65 MB capacity,    29.27 MB ( 95%) used,     1.31 MB (  4%) free+waste,    72.88 KB ( <1%) overhead. 
      Class:      3.76 MB capacity,     3.07 MB ( 81%) used,   678.94 KB ( 18%) free+waste,    35.00 KB ( <1%) overhead. 
       Both:     34.41 MB capacity,    32.33 MB ( 94%) used,     1.98 MB (  6%) free+waste,   107.88 KB ( <1%) overhead. 

Virtual space:
  Non-class space:       32.00 MB reserved,      31.00 MB ( 97%) committed 
      Class space:        1.00 GB reserved,       3.84 MB ( <1%) committed 
             Both:        1.03 GB reserved,      34.84 MB (  3%) committed 

Chunk freelists:
   Non-Class:  131.00 KB
       Class:  18.00 KB
        Both:  149.00 KB

MaxMetaspaceSize: unlimited
CompressedClassSpaceSize: 1.00 GB

CodeHeap 'non-profiled nmethods': size=120032Kb used=1175Kb max_used=1175Kb free=118856Kb
 bounds [0x00000001282fc000, 0x000000012856c000, 0x000000012f834000]
CodeHeap 'profiled nmethods': size=120028Kb used=6875Kb max_used=6875Kb free=113152Kb
 bounds [0x0000000120dc5000, 0x0000000121485000, 0x00000001282fc000]
CodeHeap 'non-nmethods': size=5700Kb used=1177Kb max_used=1195Kb free=4523Kb
 bounds [0x0000000120834000, 0x0000000120aa4000, 0x0000000120dc5000]
 total_blobs=3781 nmethods=3244 adapters=451
 compilation: enabled
              stopped_count=0, restarted_count=0
 full_count=0

Compilation events (20 events):
Event: 10.195 Thread 0x00007feb07822800 nmethod 3309 0x0000000121458b10 code [0x0000000121458d00, 0x0000000121459240]
Event: 10.195 Thread 0x00007feb07822800 3304       3       org.objectweb.asm.ByteVector::put12 (64 bytes)
Event: 10.196 Thread 0x00007feb07822800 nmethod 3304 0x0000000121459410 code [0x00000001214595e0, 0x0000000121459800]
Event: 10.196 Thread 0x00007feb07822800 3310       3       org.objectweb.asm.MethodWriter::visitLineNumber (50 bytes)
Event: 10.196 Thread 0x00007feb07822800 nmethod 3310 0x0000000121459990 code [0x0000000121459b80, 0x0000000121459f70]
Event: 10.196 Thread 0x00007feb07822800 3311       3       java.util.regex.Pattern$GroupTail::match (111 bytes)
Event: 10.197 Thread 0x00007feb07822800 nmethod 3311 0x000000012145a110 code [0x000000012145a2e0, 0x000000012145a660]
Event: 10.197 Thread 0x00007feb07822800 3306       3       org.objectweb.asm.MethodVisitor::visitLineNumber (17 bytes)
Event: 10.197 Thread 0x00007feb07822800 nmethod 3306 0x000000012145a890 code [0x000000012145aa40, 0x000000012145ac40]
Event: 10.197 Thread 0x00007feb07822800 3308       3       org.objectweb.asm.ClassReader::readShort (27 bytes)
Event: 10.197 Thread 0x00007feb07822800 nmethod 3308 0x000000012145ad10 code [0x000000012145aec0, 0x000000012145b030]
Event: 10.197 Thread 0x00007feb07822800 3307       3       org.objectweb.asm.MethodWriter::visitInsn (115 bytes)
Event: 10.198 Thread 0x00007feb07822800 nmethod 3307 0x000000012145b110 code [0x000000012145b300, 0x000000012145b6e0]
Event: 10.213 Thread 0x00007feb07822800 3312       3       org.objectweb.asm.SymbolTable::put (150 bytes)
Event: 10.214 Thread 0x00007feb07822800 nmethod 3312 0x000000012145b890 code [0x000000012145ba80, 0x000000012145c1f0]
Event: 10.214 Thread 0x00007feb07822800 3314       3       java.util.regex.Pattern$Start::match (90 bytes)
Event: 10.214 Thread 0x00007feb07822800 nmethod 3314 0x000000012145c510 code [0x000000012145c6e0, 0x000000012145caa0]
Event: 10.215 Thread 0x00007feb07822800 3315       3       java.net.URLStreamHandler::parseURL (1201 bytes)
Event: 10.263 Thread 0x00007feb07822800 nmethod 3315 0x000000012145cc10 code [0x000000012145de80, 0x0000000121469100]
Event: 10.263 Thread 0x00007feb07822800 3318       3       org.eclipse.jdt.internal.compiler.parser.Scanner::internalScanIdentifierOrKeyword (4733 bytes)

GC Heap History (20 events):
Event: 8.737 GC heap before
{Heap before GC invocations=8 (full 1):
 PSYoungGen      total 26624K, used 26600K [0x00000007eab00000, 0x00000007eca00000, 0x0000000800000000)
  eden space 24064K, 100% used [0x00000007eab00000,0x00000007ec280000,0x00000007ec280000)
  from space 2560K, 99% used [0x00000007ec600000,0x00000007ec87a3e0,0x00000007ec880000)
  to   space 3584K, 0% used [0x00000007ec280000,0x00000007ec280000,0x00000007ec600000)
 ParOldGen       total 68608K, used 6532K [0x00000007c0000000, 0x00000007c4300000, 0x00000007eab00000)
  object space 68608K, 9% used [0x00000007c0000000,0x00000007c06611c8,0x00000007c4300000)
 Metaspace       used 30657K, capacity 32559K, committed 32896K, reserved 1079296K
  class space    used 2955K, capacity 3644K, committed 3712K, reserved 1048576K
}
Event: 8.749 GC heap after
{Heap after GC invocations=8 (full 1):
 PSYoungGen      total 27136K, used 3559K [0x00000007eab00000, 0x00000007ecb00000, 0x0000000800000000)
  eden space 23552K, 0% used [0x00000007eab00000,0x00000007eab00000,0x00000007ec200000)
  from space 3584K, 99% used [0x00000007ec280000,0x00000007ec5f9fa0,0x00000007ec600000)
  to   space 4608K, 0% used [0x00000007ec680000,0x00000007ec680000,0x00000007ecb00000)
 ParOldGen       total 68608K, used 7028K [0x00000007c0000000, 0x00000007c4300000, 0x00000007eab00000)
  object space 68608K, 10% used [0x00000007c0000000,0x00000007c06dd1d8,0x00000007c4300000)
 Metaspace       used 30657K, capacity 32559K, committed 32896K, reserved 1079296K
  class space    used 2955K, capacity 3644K, committed 3712K, reserved 1048576K
}
Event: 9.035 GC heap before
{Heap before GC invocations=9 (full 1):
 PSYoungGen      total 27136K, used 27111K [0x00000007eab00000, 0x00000007ecb00000, 0x0000000800000000)
  eden space 23552K, 100% used [0x00000007eab00000,0x00000007ec200000,0x00000007ec200000)
  from space 3584K, 99% used [0x00000007ec280000,0x00000007ec5f9fa0,0x00000007ec600000)
  to   space 4608K, 0% used [0x00000007ec680000,0x00000007ec680000,0x00000007ecb00000)
 ParOldGen       total 68608K, used 7028K [0x00000007c0000000, 0x00000007c4300000, 0x00000007eab00000)
  object space 68608K, 10% used [0x00000007c0000000,0x00000007c06dd1d8,0x00000007c4300000)
 Metaspace       used 30877K, capacity 32810K, committed 33152K, reserved 1079296K
  class space    used 2982K, capacity 3685K, committed 3712K, reserved 1048576K
}
Event: 9.049 GC heap after
{Heap after GC invocations=9 (full 1):
 PSYoungGen      total 26624K, used 4597K [0x00000007eab00000, 0x00000007ecd80000, 0x0000000800000000)
  eden space 22016K, 0% used [0x00000007eab00000,0x00000007eab00000,0x00000007ec080000)
  from space 4608K, 99% used [0x00000007ec680000,0x00000007ecafd550,0x00000007ecb00000)
  to   space 6144K, 0% used [0x00000007ec080000,0x00000007ec080000,0x00000007ec680000)
 ParOldGen       total 68608K, used 8148K [0x00000007c0000000, 0x00000007c4300000, 0x00000007eab00000)
  object space 68608K, 11% used [0x00000007c0000000,0x00000007c07f51d8,0x00000007c4300000)
 Metaspace       used 30877K, capacity 32810K, committed 33152K, reserved 1079296K
  class space    used 2982K, capacity 3685K, committed 3712K, reserved 1048576K
}
Event: 9.263 GC heap before
{Heap before GC invocations=10 (full 1):
 PSYoungGen      total 26624K, used 26613K [0x00000007eab00000, 0x00000007ecd80000, 0x0000000800000000)
  eden space 22016K, 100% used [0x00000007eab00000,0x00000007ec080000,0x00000007ec080000)
  from space 4608K, 99% used [0x00000007ec680000,0x00000007ecafd550,0x00000007ecb00000)
  to   space 6144K, 0% used [0x00000007ec080000,0x00000007ec080000,0x00000007ec680000)
 ParOldGen       total 68608K, used 8148K [0x00000007c0000000, 0x00000007c4300000, 0x00000007eab00000)
  object space 68608K, 11% used [0x00000007c0000000,0x00000007c07f51d8,0x00000007c4300000)
 Metaspace       used 30908K, capacity 32874K, committed 33152K, reserved 1079296K
  class space    used 2982K, capacity 3685K, committed 3712K, reserved 1048576K
}
Event: 9.276 GC heap after
{Heap after GC invocations=10 (full 1):
 PSYoungGen      total 27136K, used 4721K [0x00000007eab00000, 0x00000007eca80000, 0x0000000800000000)
  eden space 22016K, 0% used [0x00000007eab00000,0x00000007eab00000,0x00000007ec080000)
  from space 5120K, 92% used [0x00000007ec080000,0x00000007ec51c6e8,0x00000007ec580000)
  to   space 5120K, 0% used [0x00000007ec580000,0x00000007ec580000,0x00000007eca80000)
 ParOldGen       total 68608K, used 10158K [0x00000007c0000000, 0x00000007c4300000, 0x00000007eab00000)
  object space 68608K, 14% used [0x00000007c0000000,0x00000007c09eb9e8,0x00000007c4300000)
 Metaspace       used 30908K, capacity 32874K, committed 33152K, reserved 1079296K
  class space    used 2982K, capacity 3685K, committed 3712K, reserved 1048576K
}
Event: 9.460 GC heap before
{Heap before GC invocations=11 (full 1):
 PSYoungGen      total 27136K, used 26737K [0x00000007eab00000, 0x00000007eca80000, 0x0000000800000000)
  eden space 22016K, 100% used [0x00000007eab00000,0x00000007ec080000,0x00000007ec080000)
  from space 5120K, 92% used [0x00000007ec080000,0x00000007ec51c6e8,0x00000007ec580000)
  to   space 5120K, 0% used [0x00000007ec580000,0x00000007ec580000,0x00000007eca80000)
 ParOldGen       total 68608K, used 10158K [0x00000007c0000000, 0x00000007c4300000, 0x00000007eab00000)
  object space 68608K, 14% used [0x00000007c0000000,0x00000007c09eb9e8,0x00000007c4300000)
 Metaspace       used 31072K, capacity 33002K, committed 33152K, reserved 1079296K
  class space    used 2994K, capacity 3685K, committed 3712K, reserved 1048576K
}
Event: 9.472 GC heap after
{Heap after GC invocations=11 (full 1):
 PSYoungGen      total 27136K, used 4594K [0x00000007eab00000, 0x00000007eca80000, 0x0000000800000000)
  eden space 22016K, 0% used [0x00000007eab00000,0x00000007eab00000,0x00000007ec080000)
  from space 5120K, 89% used [0x00000007ec580000,0x00000007ec9fcb38,0x00000007eca80000)
  to   space 5120K, 0% used [0x00000007ec080000,0x00000007ec080000,0x00000007ec580000)
 ParOldGen       total 68608K, used 12712K [0x00000007c0000000, 0x00000007c4300000, 0x00000007eab00000)
  object space 68608K, 18% used [0x00000007c0000000,0x00000007c0c6a1e0,0x00000007c4300000)
 Metaspace       used 31072K, capacity 33002K, committed 33152K, reserved 1079296K
  class space    used 2994K, capacity 3685K, committed 3712K, reserved 1048576K
}
Event: 9.579 GC heap before
{Heap before GC invocations=12 (full 1):
 PSYoungGen      total 27136K, used 26610K [0x00000007eab00000, 0x00000007eca80000, 0x0000000800000000)
  eden space 22016K, 100% used [0x00000007eab00000,0x00000007ec080000,0x00000007ec080000)
  from space 5120K, 89% used [0x00000007ec580000,0x00000007ec9fcb38,0x00000007eca80000)
  to   space 5120K, 0% used [0x00000007ec080000,0x00000007ec080000,0x00000007ec580000)
 ParOldGen       total 68608K, used 12712K [0x00000007c0000000, 0x00000007c4300000, 0x00000007eab00000)
  object space 68608K, 18% used [0x00000007c0000000,0x00000007c0c6a1e0,0x00000007c4300000)
 Metaspace       used 31072K, capacity 33002K, committed 33152K, reserved 1079296K
  class space    used 2994K, capacity 3685K, committed 3712K, reserved 1048576K
}
Event: 9.590 GC heap after
{Heap after GC invocations=12 (full 1):
 PSYoungGen      total 24576K, used 2272K [0x00000007eab00000, 0x00000007ec780000, 0x0000000800000000)
  eden space 22016K, 0% used [0x00000007eab00000,0x00000007eab00000,0x00000007ec080000)
  from space 2560K, 88% used [0x00000007ec080000,0x00000007ec2b8000,0x00000007ec300000)
  to   space 3584K, 0% used [0x00000007ec400000,0x00000007ec400000,0x00000007ec780000)
 ParOldGen       total 68608K, used 17179K [0x00000007c0000000, 0x00000007c4300000, 0x00000007eab00000)
  object space 68608K, 25% used [0x00000007c0000000,0x00000007c10c6dc0,0x00000007c4300000)
 Metaspace       used 31072K, capacity 33002K, committed 33152K, reserved 1079296K
  class space    used 2994K, capacity 3685K, committed 3712K, reserved 1048576K
}
Event: 9.682 GC heap before
{Heap before GC invocations=13 (full 1):
 PSYoungGen      total 24576K, used 24288K [0x00000007eab00000, 0x00000007ec780000, 0x0000000800000000)
  eden space 22016K, 100% used [0x00000007eab00000,0x00000007ec080000,0x00000007ec080000)
  from space 2560K, 88% used [0x00000007ec080000,0x00000007ec2b8000,0x00000007ec300000)
  to   space 3584K, 0% used [0x00000007ec400000,0x00000007ec400000,0x00000007ec780000)
 ParOldGen       total 68608K, used 17179K [0x00000007c0000000, 0x00000007c4300000, 0x00000007eab00000)
  object space 68608K, 25% used [0x00000007c0000000,0x00000007c10c6dc0,0x00000007c4300000)
 Metaspace       used 31072K, capacity 33002K, committed 33152K, reserved 1079296K
  class space    used 2994K, capacity 3685K, committed 3712K, reserved 1048576K
}
Event: 9.691 GC heap after
{Heap after GC invocations=13 (full 1):
 PSYoungGen      total 25088K, used 2560K [0x00000007eab00000, 0x00000007ec700000, 0x0000000800000000)
  eden space 22016K, 0% used [0x00000007eab00000,0x00000007eab00000,0x00000007ec080000)
  from space 3072K, 83% used [0x00000007ec400000,0x00000007ec680010,0x00000007ec700000)
  to   space 3072K, 0% used [0x00000007ec100000,0x00000007ec100000,0x00000007ec400000)
 ParOldGen       total 68608K, used 19363K [0x00000007c0000000, 0x00000007c4300000, 0x00000007eab00000)
  object space 68608K, 28% used [0x00000007c0000000,0x00000007c12e8dc0,0x00000007c4300000)
 Metaspace       used 31072K, capacity 33002K, committed 33152K, reserved 1079296K
  class space    used 2994K, capacity 3685K, committed 3712K, reserved 1048576K
}
Event: 9.843 GC heap before
{Heap before GC invocations=14 (full 1):
 PSYoungGen      total 25088K, used 24576K [0x00000007eab00000, 0x00000007ec700000, 0x0000000800000000)
  eden space 22016K, 100% used [0x00000007eab00000,0x00000007ec080000,0x00000007ec080000)
  from space 3072K, 83% used [0x00000007ec400000,0x00000007ec680010,0x00000007ec700000)
  to   space 3072K, 0% used [0x00000007ec100000,0x00000007ec100000,0x00000007ec400000)
 ParOldGen       total 68608K, used 19363K [0x00000007c0000000, 0x00000007c4300000, 0x00000007eab00000)
  object space 68608K, 28% used [0x00000007c0000000,0x00000007c12e8dc0,0x00000007c4300000)
 Metaspace       used 31185K, capacity 33243K, committed 33536K, reserved 1079296K
  class space    used 3003K, capacity 3722K, committed 3840K, reserved 1048576K
}
Event: 9.854 GC heap after
{Heap after GC invocations=14 (full 1):
 PSYoungGen      total 25088K, used 3066K [0x00000007eab00000, 0x00000007ec780000, 0x0000000800000000)
  eden space 22016K, 0% used [0x00000007eab00000,0x00000007eab00000,0x00000007ec080000)
  from space 3072K, 99% used [0x00000007ec100000,0x00000007ec3feb58,0x00000007ec400000)
  to   space 3584K, 0% used [0x00000007ec400000,0x00000007ec400000,0x00000007ec780000)
 ParOldGen       total 68608K, used 21873K [0x00000007c0000000, 0x00000007c4300000, 0x00000007eab00000)
  object space 68608K, 31% used [0x00000007c0000000,0x00000007c155c650,0x00000007c4300000)
 Metaspace       used 31185K, capacity 33243K, committed 33536K, reserved 1079296K
  class space    used 3003K, capacity 3722K, committed 3840K, reserved 1048576K
}
Event: 10.236 GC heap before
{Heap before GC invocations=15 (full 1):
 PSYoungGen      total 25088K, used 25074K [0x00000007eab00000, 0x00000007ec780000, 0x0000000800000000)
  eden space 22016K, 99% used [0x00000007eab00000,0x00000007ec07de08,0x00000007ec080000)
  from space 3072K, 99% used [0x00000007ec100000,0x00000007ec3feb58,0x00000007ec400000)
  to   space 3584K, 0% used [0x00000007ec400000,0x00000007ec400000,0x00000007ec780000)
 ParOldGen       total 68608K, used 21873K [0x00000007c0000000, 0x00000007c4300000, 0x00000007eab00000)
  object space 68608K, 31% used [0x00000007c0000000,0x00000007c155c650,0x00000007c4300000)
 Metaspace       used 32978K, capacity 35111K, committed 35416K, reserved 1081344K
  class space    used 3134K, capacity 3854K, committed 3928K, reserved 1048576K
}
Event: 10.249 GC heap after
{Heap after GC invocations=15 (full 1):
 PSYoungGen      total 23040K, used 837K [0x00000007eab00000, 0x00000007ec500000, 0x0000000800000000)
  eden space 22016K, 0% used [0x00000007eab00000,0x00000007eab00000,0x00000007ec080000)
  from space 1024K, 81% used [0x00000007ec400000,0x00000007ec4d1450,0x00000007ec500000)
  to   space 2048K, 0% used [0x00000007ec100000,0x00000007ec100000,0x00000007ec300000)
 ParOldGen       total 68608K, used 24843K [0x00000007c0000000, 0x00000007c4300000, 0x00000007eab00000)
  object space 68608K, 36% used [0x00000007c0000000,0x00000007c1842d78,0x00000007c4300000)
 Metaspace       used 32978K, capacity 35111K, committed 35416K, reserved 1081344K
  class space    used 3134K, capacity 3854K, committed 3928K, reserved 1048576K
}
Event: 10.264 GC heap before
{Heap before GC invocations=16 (full 1):
 PSYoungGen      total 23040K, used 1287K [0x00000007eab00000, 0x00000007ec500000, 0x0000000800000000)
  eden space 22016K, 2% used [0x00000007eab00000,0x00000007eab70888,0x00000007ec080000)
  from space 1024K, 81% used [0x00000007ec400000,0x00000007ec4d1450,0x00000007ec500000)
  to   space 2048K, 0% used [0x00000007ec100000,0x00000007ec100000,0x00000007ec300000)
 ParOldGen       total 68608K, used 24843K [0x00000007c0000000, 0x00000007c4300000, 0x00000007eab00000)
  object space 68608K, 36% used [0x00000007c0000000,0x00000007c1842d78,0x00000007c4300000)
 Metaspace       used 33085K, capacity 35175K, committed 35416K, reserved 1081344K
  class space    used 3140K, capacity 3854K, committed 3928K, reserved 1048576K
}
Event: 10.269 GC heap after
{Heap after GC invocations=16 (full 1):
 PSYoungGen      total 24064K, used 128K [0x00000007eab00000, 0x00000007ec480000, 0x0000000800000000)
  eden space 22016K, 0% used [0x00000007eab00000,0x00000007eab00000,0x00000007ec080000)
  from space 2048K, 6% used [0x00000007ec100000,0x00000007ec120000,0x00000007ec300000)
  to   space 1024K, 0% used [0x00000007ec380000,0x00000007ec380000,0x00000007ec480000)
 ParOldGen       total 68608K, used 25481K [0x00000007c0000000, 0x00000007c4300000, 0x00000007eab00000)
  object space 68608K, 37% used [0x00000007c0000000,0x00000007c18e27c0,0x00000007c4300000)
 Metaspace       used 33085K, capacity 35175K, committed 35416K, reserved 1081344K
  class space    used 3140K, capacity 3854K, committed 3928K, reserved 1048576K
}
Event: 10.269 GC heap before
{Heap before GC invocations=17 (full 2):
 PSYoungGen      total 24064K, used 128K [0x00000007eab00000, 0x00000007ec480000, 0x0000000800000000)
  eden space 22016K, 0% used [0x00000007eab00000,0x00000007eab00000,0x00000007ec080000)
  from space 2048K, 6% used [0x00000007ec100000,0x00000007ec120000,0x00000007ec300000)
  to   space 1024K, 0% used [0x00000007ec380000,0x00000007ec380000,0x00000007ec480000)
 ParOldGen       total 68608K, used 25481K [0x00000007c0000000, 0x00000007c4300000, 0x00000007eab00000)
  object space 68608K, 37% used [0x00000007c0000000,0x00000007c18e27c0,0x00000007c4300000)
 Metaspace       used 33085K, capacity 35175K, committed 35416K, reserved 1081344K
  class space    used 3140K, capacity 3854K, committed 3928K, reserved 1048576K
}
Event: 10.595 GC heap after
{Heap after GC invocations=17 (full 2):
 PSYoungGen      total 24064K, used 0K [0x00000007eab00000, 0x00000007ec480000, 0x0000000800000000)
  eden space 22016K, 0% used [0x00000007eab00000,0x00000007eab00000,0x00000007ec080000)
  from space 2048K, 0% used [0x00000007ec100000,0x00000007ec100000,0x00000007ec300000)
  to   space 1024K, 0% used [0x00000007ec380000,0x00000007ec380000,0x00000007ec480000)
 ParOldGen       total 68608K, used 24780K [0x00000007c0000000, 0x00000007c4300000, 0x00000007eab00000)
  object space 68608K, 36% used [0x00000007c0000000,0x00000007c18333a0,0x00000007c4300000)
 Metaspace       used 33085K, capacity 35175K, committed 35416K, reserved 1081344K
  class space    used 3140K, capacity 3854K, committed 3928K, reserved 1048576K
}

Deoptimization events (20 events):
Event: 9.453 Thread 0x00007feb080e5800 DEOPT PACKING pc=0x0000000128319b24 sp=0x000070000910f4d0
Event: 9.453 Thread 0x00007feb080e5800 DEOPT UNPACKING pc=0x00000001208592a5 sp=0x000070000910f488 mode 2
Event: 9.781 Thread 0x00007feb080e5800 DEOPT PACKING pc=0x0000000120ea44a9 sp=0x000070000910eba0
Event: 9.781 Thread 0x00007feb080e5800 DEOPT UNPACKING pc=0x0000000120859a4a sp=0x000070000910e108 mode 0
Event: 9.829 Thread 0x00007feb0a950800 Uncommon trap: trap_request=0xffffff7e fr.pc=0x00000001283e19dc relative=0x000000000000057c
Event: 9.829 Thread 0x00007feb0a950800 Uncommon trap: reason=predicate action=maybe_recompile pc=0x00000001283e19dc method=java.lang.PublicMethods$MethodList.filter([Ljava/lang/reflect/Method;Ljava/lang/String;[Ljava/lang/Class;Z)Ljava/lang/PublicMethods$MethodList; @ 21 c2
Event: 9.829 Thread 0x00007feb0a950800 DEOPT PACKING pc=0x00000001283e19dc sp=0x000070000961add0
Event: 9.829 Thread 0x00007feb0a950800 DEOPT UNPACKING pc=0x00000001208592a5 sp=0x000070000961ad88 mode 2
Event: 9.888 Thread 0x00007feb0a950800 DEOPT PACKING pc=0x00000001210a7a20 sp=0x000070000961d3f0
Event: 9.888 Thread 0x00007feb0a950800 DEOPT UNPACKING pc=0x0000000120859a4a sp=0x000070000961c928 mode 0
Event: 9.914 Thread 0x00007feb0a950800 Uncommon trap: trap_request=0xffffff7e fr.pc=0x00000001283c4cd0 relative=0x00000000000005f0
Event: 9.914 Thread 0x00007feb0a950800 Uncommon trap: reason=predicate action=maybe_recompile pc=0x00000001283c4cd0 method=java.util.TreeMap.getEntryUsingComparator(Ljava/lang/Object;)Ljava/util/TreeMap$Entry; @ 19 c2
Event: 9.914 Thread 0x00007feb0a950800 DEOPT PACKING pc=0x00000001283c4cd0 sp=0x000070000961d630
Event: 9.914 Thread 0x00007feb0a950800 DEOPT UNPACKING pc=0x00000001208592a5 sp=0x000070000961d570 mode 2
Event: 9.914 Thread 0x00007feb0a950800 Uncommon trap: trap_request=0xffffff7e fr.pc=0x00000001283bf93c relative=0x00000000000005dc
Event: 9.914 Thread 0x00007feb0a950800 Uncommon trap: reason=predicate action=maybe_recompile pc=0x00000001283bf93c method=java.util.TreeMap.getEntryUsingComparator(Ljava/lang/Object;)Ljava/util/TreeMap$Entry; @ 19 c2
Event: 9.914 Thread 0x00007feb0a950800 DEOPT PACKING pc=0x00000001283bf93c sp=0x000070000961d590
Event: 9.914 Thread 0x00007feb0a950800 DEOPT UNPACKING pc=0x00000001208592a5 sp=0x000070000961d560 mode 2
Event: 10.131 Thread 0x00007feb0a950800 DEOPT PACKING pc=0x00000001210a7a20 sp=0x000070000961a520
Event: 10.131 Thread 0x00007feb0a950800 DEOPT UNPACKING pc=0x0000000120859a4a sp=0x0000700009619a58 mode 0

Classes redefined (0 events):
No events

Internal exceptions (20 events):
Event: 4.475 Thread 0x00007feb080d4800 Exception <a 'java/lang/NoSuchMethodError'{0x00000007eaf5a900}: 'java.lang.Object java.lang.invoke.DirectMethodHandle$Holder.invokeStatic(java.lang.Object, java.lang.Object, java.lang.Object, java.lang.Object, java.lang.Object, java.lang.Object, java.lang.Object, java.lang.Object, java.lang.Object, java.lang.Object, java.lang.Object, java.lang.Object, java.lang.Object, java.lang.Object, java.lang.Object, java.lang.Object)'> (0x00000007eaf5a900) thrown at [./src/hotspot/share/interpreter/linkResolver.cpp, l
Event: 4.479 Thread 0x00007feb080d4800 Exception <a 'java/lang/NoSuchMethodError'{0x00000007eaf68a70}: 'java.lang.Object java.lang.invoke.DirectMethodHandle$Holder.invokeSpecial(java.lang.Object, java.lang.Object, int, int, java.lang.Object, java.lang.Object, java.lang.Object)'> (0x00000007eaf68a70) thrown at [./src/hotspot/share/interpreter/linkResolver.cpp, line 773]
Event: 4.480 Thread 0x00007feb080d4800 Exception <a 'java/lang/NoSuchMethodError'{0x00000007eaf6c000}: 'java.lang.Object java.lang.invoke.DelegatingMethodHandle$Holder.reinvoke_L(java.lang.Object, int, int, java.lang.Object, java.lang.Object, java.lang.Object)'> (0x00000007eaf6c000) thrown at [./src/hotspot/share/interpreter/linkResolver.cpp, line 773]
Event: 4.929 Thread 0x00007feb080d4800 Exception <a 'java/io/FileNotFoundException'{0x00000007eb94c618}> (0x00000007eb94c618) thrown at [./src/hotspot/share/prims/jni.cpp, line 615]
Event: 5.533 Thread 0x00007feb080d4800 Exception <a 'java/lang/NoSuchMethodError'{0x00000007eabf3828}: 'void java.lang.invoke.DirectMethodHandle$Holder.invokeSpecial(java.lang.Object, java.lang.Object, java.lang.Object, java.lang.Object)'> (0x00000007eabf3828) thrown at [./src/hotspot/share/interpreter/linkResolver.cpp, line 773]
Event: 5.552 Thread 0x00007feb080d4800 Exception <a 'java/io/FileNotFoundException'{0x00000007eac50be8}> (0x00000007eac50be8) thrown at [./src/hotspot/share/prims/jni.cpp, line 615]
Event: 5.902 Thread 0x00007feb080d4800 Exception <a 'java/lang/NoSuchMethodError'{0x00000007eaf2c080}: 'int java.lang.invoke.DirectMethodHandle$Holder.invokeStaticInit(java.lang.Object, java.lang.Object, java.lang.Object)'> (0x00000007eaf2c080) thrown at [./src/hotspot/share/interpreter/linkResolver.cpp, line 773]
Event: 5.915 Thread 0x00007feb080d4800 Exception <a 'java/lang/IncompatibleClassChangeError'{0x00000007eafc2408}: Found class java.lang.Object, but interface was expected> (0x00000007eafc2408) thrown at [./src/hotspot/share/interpreter/linkResolver.cpp, line 839]
Event: 6.394 Thread 0x00007feb080d4800 Exception <a 'java/lang/ClassNotFoundException'{0x00000007ead224e0}: com/sun/org/apache/xerces/internal/impl/msg/spi/DOMMessagesProvider> (0x00000007ead224e0) thrown at [./src/hotspot/share/classfile/systemDictionary.cpp, line 231]
Event: 6.399 Thread 0x00007feb080d4800 Exception <a 'java/lang/ClassNotFoundException'{0x00000007ead4d740}: com/sun/org/apache/xerces/internal/impl/msg/spi/XMLSerializerMessagesProvider> (0x00000007ead4d740) thrown at [./src/hotspot/share/classfile/systemDictionary.cpp, line 231]
Event: 6.401 Thread 0x00007feb080d4800 Exception <a 'java/lang/ClassNotFoundException'{0x00000007ead59150}: com/sun/org/apache/xerces/internal/impl/msg/spi/XMLMessagesProvider> (0x00000007ead59150) thrown at [./src/hotspot/share/classfile/systemDictionary.cpp, line 231]
Event: 7.119 Thread 0x00007feb080d4800 Exception <a 'java/lang/ClassNotFoundException'{0x00000007eb2aa3c8}: com/sun/org/apache/xml/internal/serializer/spi/XMLEntitiesProvider> (0x00000007eb2aa3c8) thrown at [./src/hotspot/share/classfile/systemDictionary.cpp, line 231]
Event: 7.430 Thread 0x00007feb080d4800 Exception <a 'java/io/FileNotFoundException'{0x00000007eb70b050}> (0x00000007eb70b050) thrown at [./src/hotspot/share/prims/jni.cpp, line 615]
Event: 7.444 Thread 0x00007feb080d4800 Exception <a 'java/io/FileNotFoundException'{0x00000007eb745188}> (0x00000007eb745188) thrown at [./src/hotspot/share/prims/jni.cpp, line 615]
Event: 7.469 Thread 0x00007feb080d4800 Exception <a 'java/io/FileNotFoundException'{0x00000007eb7c6af8}> (0x00000007eb7c6af8) thrown at [./src/hotspot/share/prims/jni.cpp, line 615]
Event: 8.026 Thread 0x00007feb0a950800 Exception <a 'java/io/FileNotFoundException'{0x00000007eaf9b5f0}> (0x00000007eaf9b5f0) thrown at [./src/hotspot/share/prims/jni.cpp, line 615]
Event: 8.855 Thread 0x00007feb080e5800 Exception <a 'java/io/FileNotFoundException'{0x00000007eb1c8c00}> (0x00000007eb1c8c00) thrown at [./src/hotspot/share/prims/jni.cpp, line 615]
Event: 8.856 Thread 0x00007feb080e5800 Exception <a 'java/io/FileNotFoundException'{0x00000007eb1ca818}> (0x00000007eb1ca818) thrown at [./src/hotspot/share/prims/jni.cpp, line 615]
Event: 8.862 Thread 0x00007feb080e5800 Exception <a 'java/lang/NoSuchMethodError'{0x00000007eb1ddea8}: 'void java.lang.invoke.DirectMethodHandle$Holder.invokeStaticInit(java.lang.Object, java.lang.Object, java.lang.Object)'> (0x00000007eb1ddea8) thrown at [./src/hotspot/share/interpreter/linkResolver.cpp, line 773]
Event: 9.908 Thread 0x00007feb0a950800 Exception <a 'java/lang/NoSuchMethodError'{0x00000007eabe8f90}: 'java.lang.Object java.lang.invoke.DirectMethodHandle$Holder.invokeInterface(java.lang.Object, java.lang.Object, java.lang.Object)'> (0x00000007eabe8f90) thrown at [./src/hotspot/share/interpreter/linkResolver.cpp, line 773]

Events (20 events):
Event: 9.960 loading class org/eclipse/jdt/internal/compiler/problem/messages_en_US
Event: 9.960 loading class org/eclipse/jdt/internal/compiler/problem/messages_en_US done
Event: 10.022 Executing VM operation: RevokeBias
Event: 10.022 Executing VM operation: RevokeBias done
Event: 10.022 Protecting memory [0x0000700008b01000,0x0000700008b05000] with protection modes 3
Event: 10.022 Thread 0x00007feb0a8ae000 Thread exited: 0x00007feb0a8ae000
Event: 10.145 Executing VM operation: RevokeBias
Event: 10.147 Executing VM operation: RevokeBias done
Event: 10.147 Executing VM operation: RevokeBias
Event: 10.148 Executing VM operation: RevokeBias done
Event: 10.148 Executing VM operation: RevokeBias
Event: 10.148 Executing VM operation: RevokeBias done
Event: 10.149 Executing VM operation: RevokeBias
Event: 10.149 Executing VM operation: RevokeBias done
Event: 10.226 Executing VM operation: Deoptimize
Event: 10.226 Executing VM operation: Deoptimize done
Event: 10.236 Executing VM operation: ParallelGCFailedAllocation
Event: 10.249 Executing VM operation: ParallelGCFailedAllocation done
Event: 10.264 Executing VM operation: CollectForMetadataAllocation
Event: 10.595 Executing VM operation: CollectForMetadataAllocation done


Dynamic libraries:
0x00007fff3504b000 	/System/Library/Frameworks/Cocoa.framework/Versions/A/Cocoa
0x00007fff22390000 	/System/Library/Frameworks/Security.framework/Versions/A/Security
0x00007fff33253000 	/System/Library/Frameworks/ApplicationServices.framework/Versions/A/ApplicationServices
0x00007fff2a612000 	/usr/lib/libz.1.dylib
0x000000010eeae000 	/Library/Java/JavaVirtualMachines/adoptopenjdk-11.jdk/Contents/Home/lib/jli/libjli.dylib
0x00007fff2a6da000 	/usr/lib/libSystem.B.dylib
0x00007fff22dc1000 	/System/Library/Frameworks/AppKit.framework/Versions/C/AppKit
0x00007fff25c85000 	/System/Library/Frameworks/CoreData.framework/Versions/A/CoreData
0x00007fff21328000 	/System/Library/Frameworks/Foundation.framework/Versions/C/Foundation
0x00007fff23b0d000 	/System/Library/PrivateFrameworks/UIFoundation.framework/Versions/A/UIFoundation
0x00007fff2fd0d000 	/System/Library/PrivateFrameworks/RemoteViewServices.framework/Versions/A/RemoteViewServices
0x00007fff28b1e000 	/System/Library/PrivateFrameworks/XCTTargetBootstrap.framework/Versions/A/XCTTargetBootstrap
0x00007fff2b803000 	/usr/lib/libspindump.dylib
0x00007fff23d5c000 	/System/Library/Frameworks/UniformTypeIdentifiers.framework/Versions/A/UniformTypeIdentifiers
0x00007fff27322000 	/usr/lib/libapp_launch_measurement.dylib
0x00007fff27325000 	/System/Library/PrivateFrameworks/CoreAutoLayout.framework/Versions/A/CoreAutoLayout
0x00007fff28485000 	/System/Library/Frameworks/Metal.framework/Versions/A/Metal
0x00007fff2917b000 	/usr/lib/liblangid.dylib
0x00007fff28b22000 	/System/Library/PrivateFrameworks/CoreSVG.framework/Versions/A/CoreSVG
0x00007fff24d9c000 	/System/Library/PrivateFrameworks/SkyLight.framework/Versions/A/SkyLight
0x00007fff25102000 	/System/Library/Frameworks/CoreGraphics.framework/Versions/A/CoreGraphics
0x00007fff30234000 	/System/Library/Frameworks/Accelerate.framework/Versions/A/Accelerate
0x00007fff2b241000 	/System/Library/PrivateFrameworks/IconServices.framework/Versions/A/IconServices
0x00007fff28469000 	/System/Library/Frameworks/IOSurface.framework/Versions/A/IOSurface
0x00007fff2660d000 	/usr/lib/libDiagnosticMessagesClient.dylib
0x00007fff28b0a000 	/System/Library/PrivateFrameworks/DFRFoundation.framework/Versions/A/DFRFoundation
0x00007fff226e8000 	/usr/lib/libicucore.A.dylib
0x00007fff2cd4c000 	/System/Library/Frameworks/AudioToolbox.framework/Versions/A/AudioToolbox
0x00007fff2bfd4000 	/System/Library/PrivateFrameworks/DataDetectorsCore.framework/Versions/A/DataDetectorsCore
0x00007fff24d0f000 	/usr/lib/libMobileGestalt.dylib
0x00007fff2880e000 	/System/Library/Frameworks/Carbon.framework/Versions/A/Frameworks/HIToolbox.framework/Versions/A/HIToolbox
0x00007fff26d67000 	/System/Library/Frameworks/QuartzCore.framework/Versions/A/QuartzCore
0x00007fff2fd45000 	/System/Library/Frameworks/Carbon.framework/Versions/A/Frameworks/SpeechRecognition.framework/Versions/A/SpeechRecognition
0x00007fff27087000 	/System/Library/PrivateFrameworks/CoreUI.framework/Versions/A/CoreUI
0x00007fff21cfe000 	/System/Library/Frameworks/CoreAudio.framework/Versions/A/CoreAudio
0x00007fff266f8000 	/System/Library/Frameworks/DiskArbitration.framework/Versions/A/DiskArbitration
0x00007fff2bbd1000 	/System/Library/PrivateFrameworks/MultitouchSupport.framework/Versions/A/MultitouchSupport
0x00007fff2bfcb000 	/System/Library/PrivateFrameworks/InternationalSupport.framework/Versions/A/InternationalSupport
0x00007fff24d0e000 	/usr/lib/libenergytrace.dylib
0x00007fff22cb8000 	/System/Library/Frameworks/IOKit.framework/Versions/A/IOKit
0x00007fff30078000 	/System/Library/Frameworks/CoreServices.framework/Versions/A/CoreServices
0x00007fff272b4000 	/System/Library/PrivateFrameworks/PerformanceAnalysis.framework/Versions/A/PerformanceAnalysis
0x00007fff6bbe3000 	/System/Library/Frameworks/OpenGL.framework/Versions/A/OpenGL
0x00007fff2c04f000 	/System/Library/PrivateFrameworks/UserActivity.framework/Versions/A/UserActivity
0x00007fff20399000 	/usr/lib/libobjc.A.dylib
0x00007fff2578c000 	/System/Library/Frameworks/ColorSync.framework/Versions/A/ColorSync
0x00007fff20579000 	/System/Library/Frameworks/CoreFoundation.framework/Versions/A/CoreFoundation
0x00007fff28d89000 	/System/Library/Frameworks/CoreImage.framework/Versions/A/CoreImage
0x00007fff21b18000 	/System/Library/Frameworks/CoreText.framework/Versions/A/CoreText
0x00007fff28b4c000 	/System/Library/Frameworks/ImageIO.framework/Versions/A/ImageIO
0x00007fff2a6e0000 	/System/Library/PrivateFrameworks/SoftLinking.framework/Versions/A/SoftLinking
0x00007fff2736d000 	/usr/lib/libxml2.2.dylib
0x00007fff2045f000 	/usr/lib/libc++.1.dylib
0x00007fff2a951000 	/usr/lib/libcompression.dylib
0x00007fff2befd000 	/System/Library/PrivateFrameworks/TextureIO.framework/Versions/A/TextureIO
0x00007fff2af80000 	/usr/lib/libate.dylib
0x00007fff2a6d4000 	/usr/lib/system/libcache.dylib
0x00007fff2a690000 	/usr/lib/system/libcommonCrypto.dylib
0x00007fff2a6ba000 	/usr/lib/system/libcompiler_rt.dylib
0x00007fff2a6af000 	/usr/lib/system/libcopyfile.dylib
0x00007fff20289000 	/usr/lib/system/libcorecrypto.dylib
0x00007fff20354000 	/usr/lib/system/libdispatch.dylib
0x00007fff20507000 	/usr/lib/system/libdyld.dylib
0x00007fff2a6cb000 	/usr/lib/system/libkeymgr.dylib
0x00007fff2dae3000 	/usr/lib/system/liblaunch.dylib
0x00007fff2a66e000 	/usr/lib/system/libmacho.dylib
0x00007fff29e66000 	/usr/lib/system/libquarantine.dylib
0x00007fff2a6c8000 	/usr/lib/system/libremovefile.dylib
0x00007fff24d6c000 	/usr/lib/system/libsystem_asl.dylib
0x00007fff20239000 	/usr/lib/system/libsystem_blocks.dylib
0x00007fff203d6000 	/usr/lib/system/libsystem_c.dylib
0x00007fff2a6c2000 	/usr/lib/system/libsystem_collections.dylib
0x00007fff2916c000 	/usr/lib/system/libsystem_configuration.dylib
0x00007fff28458000 	/usr/lib/system/libsystem_containermanager.dylib
0x00007fff2a411000 	/usr/lib/system/libsystem_coreservices.dylib
0x00007fff22948000 	/usr/lib/system/libsystem_darwin.dylib
0x00007fff2a6cc000 	/usr/lib/system/libsystem_dnssd.dylib
0x00007fff203d3000 	/usr/lib/system/libsystem_featureflags.dylib
0x00007fff2054d000 	/usr/lib/system/libsystem_info.dylib
0x00007fff2a625000 	/usr/lib/system/libsystem_m.dylib
0x00007fff20327000 	/usr/lib/system/libsystem_malloc.dylib
0x00007fff24cff000 	/usr/lib/system/libsystem_networkextension.dylib
0x00007fff22d67000 	/usr/lib/system/libsystem_notify.dylib
0x00007fff2ff7a000 	/usr/lib/system/libsystem_product_info_filter.dylib
0x00007fff29170000 	/usr/lib/system/libsystem_sandbox.dylib
0x00007fff2a6c5000 	/usr/lib/system/libsystem_secinit.dylib
0x00007fff204cb000 	/usr/lib/system/libsystem_kernel.dylib
0x00007fff20543000 	/usr/lib/system/libsystem_platform.dylib
0x00007fff204fb000 	/usr/lib/system/libsystem_pthread.dylib
0x00007fff26449000 	/usr/lib/system/libsystem_symptoms.dylib
0x00007fff20271000 	/usr/lib/system/libsystem_trace.dylib
0x00007fff2a69c000 	/usr/lib/system/libunwind.dylib
0x00007fff2023b000 	/usr/lib/system/libxpc.dylib
0x00007fff204b5000 	/usr/lib/libc++abi.dylib
0x00007fff2a6a7000 	/usr/lib/liboah.dylib
0x00007fff2ad65000 	/usr/lib/liblzma.5.dylib
0x00007fff2103c000 	/System/Library/Frameworks/SystemConfiguration.framework/Versions/A/SystemConfiguration
0x00007fff2a6dc000 	/usr/lib/libfakelink.dylib
0x00007fff24860000 	/System/Library/Frameworks/CFNetwork.framework/Versions/A/CFNetwork
0x00007fff2a81c000 	/usr/lib/libarchive.2.dylib
0x00007fff210ba000 	/usr/lib/libCRFSuite.dylib
0x00007fff29e8d000 	/usr/lib/libbsm.0.dylib
0x00007fff241d9000 	/usr/lib/libnetwork.dylib
0x00007fff2a6e1000 	/usr/lib/libpcap.A.dylib
0x00007fff26442000 	/usr/lib/libdns_services.dylib
0x00007fff2ad7e000 	/usr/lib/libcoretls_cfhelpers.dylib
0x00007fff2a91b000 	/usr/lib/libapple_nghttp2.dylib
0x00007fff2a674000 	/usr/lib/system/libkxld.dylib
0x00007fff260bb000 	/usr/lib/libsqlite3.dylib
0x00007fff2a3f4000 	/System/Library/PrivateFrameworks/AppleFSCompression.framework/Versions/A/AppleFSCompression
0x00007fff29e75000 	/usr/lib/libcoretls.dylib
0x00007fff2a94c000 	/usr/lib/libpam.2.dylib
0x00007fff2ae7c000 	/usr/lib/libxar.1.dylib
0x00007fff29177000 	/System/Library/PrivateFrameworks/AppleSystemInfo.framework/Versions/A/AppleSystemInfo
0x00007fff29ab7000 	/System/Library/PrivateFrameworks/IOMobileFramebuffer.framework/Versions/A/IOMobileFramebuffer
0x00007fff2a404000 	/usr/lib/libbz2.1.0.dylib
0x00007fff2a719000 	/usr/lib/libiconv.2.dylib
0x00007fff2a66d000 	/usr/lib/libcharset.1.dylib
0x00007fff272f0000 	/System/Library/Frameworks/CoreServices.framework/Versions/A/Frameworks/FSEvents.framework/Versions/A/FSEvents
0x00007fff22952000 	/System/Library/Frameworks/CoreServices.framework/Versions/A/Frameworks/CarbonCore.framework/Versions/A/CarbonCore
0x00007fff2665d000 	/System/Library/Frameworks/CoreServices.framework/Versions/A/Frameworks/Metadata.framework/Versions/A/Metadata
0x00007fff2a416000 	/System/Library/Frameworks/CoreServices.framework/Versions/A/Frameworks/OSServices.framework/Versions/A/OSServices
0x00007fff2a88e000 	/System/Library/Frameworks/CoreServices.framework/Versions/A/Frameworks/SearchKit.framework/Versions/A/SearchKit
0x00007fff263cd000 	/System/Library/Frameworks/CoreServices.framework/Versions/A/Frameworks/AE.framework/Versions/A/AE
0x00007fff20a17000 	/System/Library/Frameworks/CoreServices.framework/Versions/A/Frameworks/LaunchServices.framework/Versions/A/LaunchServices
0x00007fff2ad15000 	/System/Library/Frameworks/CoreServices.framework/Versions/A/Frameworks/DictionaryServices.framework/Versions/A/DictionaryServices
0x00007fff272fd000 	/System/Library/Frameworks/CoreServices.framework/Versions/A/Frameworks/SharedFileList.framework/Versions/A/SharedFileList
0x00007fff29e69000 	/usr/lib/libCheckFix.dylib
0x00007fff24d83000 	/System/Library/PrivateFrameworks/TCC.framework/Versions/A/TCC
0x00007fff2917d000 	/System/Library/PrivateFrameworks/CoreNLP.framework/Versions/A/CoreNLP
0x00007fff26610000 	/System/Library/PrivateFrameworks/MetadataUtilities.framework/Versions/A/MetadataUtilities
0x00007fff210ef000 	/usr/lib/libmecabra.dylib
0x00007fff2a173000 	/System/Library/Frameworks/MLCompute.framework/Versions/A/MLCompute
0x00007fff29e9e000 	/usr/lib/libmecab.dylib
0x00007fff29ee8000 	/usr/lib/libgermantok.dylib
0x00007fff2a8f6000 	/usr/lib/libThaiTokenizer.dylib
0x00007fff2aeb7000 	/usr/lib/libChineseTokenizer.dylib
0x00007fff2a94a000 	/System/Library/Frameworks/MetalPerformanceShaders.framework/Versions/A/MetalPerformanceShaders
0x00007fff266ff000 	/System/Library/Frameworks/Accelerate.framework/Versions/A/Frameworks/vImage.framework/Versions/A/vImage
0x00007fff30052000 	/System/Library/Frameworks/Accelerate.framework/Versions/A/Frameworks/vecLib.framework/Versions/A/vecLib
0x00007fff2aec2000 	/System/Library/Frameworks/Accelerate.framework/Versions/A/Frameworks/vecLib.framework/Versions/A/libvMisc.dylib
0x00007fff298d2000 	/System/Library/Frameworks/Accelerate.framework/Versions/A/Frameworks/vecLib.framework/Versions/A/libvDSP.dylib
0x00007fff20d22000 	/System/Library/Frameworks/Accelerate.framework/Versions/A/Frameworks/vecLib.framework/Versions/A/libBLAS.dylib
0x00007fff2a977000 	/System/Library/Frameworks/Accelerate.framework/Versions/A/Frameworks/vecLib.framework/Versions/A/libLAPACK.dylib
0x00007fff29eee000 	/System/Library/Frameworks/Accelerate.framework/Versions/A/Frameworks/vecLib.framework/Versions/A/libLinearAlgebra.dylib
0x00007fff2a933000 	/System/Library/Frameworks/Accelerate.framework/Versions/A/Frameworks/vecLib.framework/Versions/A/libSparseBLAS.dylib
0x00007fff2a971000 	/System/Library/Frameworks/Accelerate.framework/Versions/A/Frameworks/vecLib.framework/Versions/A/libQuadrature.dylib
0x00007fff29229000 	/System/Library/Frameworks/Accelerate.framework/Versions/A/Frameworks/vecLib.framework/Versions/A/libBNNS.dylib
0x00007fff20fcd000 	/System/Library/Frameworks/Accelerate.framework/Versions/A/Frameworks/vecLib.framework/Versions/A/libSparse.dylib
0x00007fff29105000 	/System/Library/Frameworks/MetalPerformanceShaders.framework/Versions/A/Frameworks/MPSCore.framework/Versions/A/MPSCore
0x00007fff2a363000 	/System/Library/Frameworks/MetalPerformanceShaders.framework/Versions/A/Frameworks/MPSImage.framework/Versions/A/MPSImage
0x00007fff29f04000 	/System/Library/Frameworks/MetalPerformanceShaders.framework/Versions/A/Frameworks/MPSNeuralNetwork.framework/Versions/A/MPSNeuralNetwork
0x00007fff2a2d5000 	/System/Library/Frameworks/MetalPerformanceShaders.framework/Versions/A/Frameworks/MPSMatrix.framework/Versions/A/MPSMatrix
0x00007fff2a123000 	/System/Library/Frameworks/MetalPerformanceShaders.framework/Versions/A/Frameworks/MPSRayIntersector.framework/Versions/A/MPSRayIntersector
0x00007fff2a30c000 	/System/Library/Frameworks/MetalPerformanceShaders.framework/Versions/A/Frameworks/MPSNDArray.framework/Versions/A/MPSNDArray
0x00007fff20c4d000 	/System/Library/PrivateFrameworks/MetalTools.framework/Versions/A/MetalTools
0x00007fff29175000 	/System/Library/PrivateFrameworks/AggregateDictionary.framework/Versions/A/AggregateDictionary
0x00007fff265dd000 	/System/Library/PrivateFrameworks/CoreAnalytics.framework/Versions/A/CoreAnalytics
0x00007fff2a8f8000 	/System/Library/PrivateFrameworks/AppleSauce.framework/Versions/A/AppleSauce
0x00007fff2847b000 	/System/Library/PrivateFrameworks/IOAccelerator.framework/Versions/A/IOAccelerator
0x00007fff6bbd7000 	/System/Library/Frameworks/OpenGL.framework/Versions/A/Libraries/libCoreFSCache.dylib
0x00007fff21687000 	/System/Library/PrivateFrameworks/LanguageModeling.framework/Versions/A/LanguageModeling
0x00007fff29aa5000 	/System/Library/PrivateFrameworks/CoreEmoji.framework/Versions/A/CoreEmoji
0x00007fff29222000 	/System/Library/PrivateFrameworks/LinguisticData.framework/Versions/A/LinguisticData
0x00007fff20f7f000 	/System/Library/PrivateFrameworks/Lexicon.framework/Versions/A/Lexicon
0x00007fff2a80a000 	/usr/lib/libcmph.dylib
0x00007fff272d0000 	/System/Library/Frameworks/OpenDirectory.framework/Versions/A/Frameworks/CFOpenDirectory.framework/Versions/A/CFOpenDirectory
0x00007fff272c0000 	/System/Library/Frameworks/OpenDirectory.framework/Versions/A/OpenDirectory
0x00007fff2ad80000 	/System/Library/PrivateFrameworks/APFS.framework/Versions/A/APFS
0x00007fff29dcb000 	/System/Library/Frameworks/SecurityFoundation.framework/Versions/A/SecurityFoundation
0x00007fff2ae8a000 	/usr/lib/libutil.dylib
0x00007fff22c7d000 	/System/Library/PrivateFrameworks/CoreServicesStore.framework/Versions/A/CoreServicesStore
0x00007fff29e61000 	/System/Library/Frameworks/ServiceManagement.framework/Versions/A/ServiceManagement
0x00007fff2ae8e000 	/usr/lib/libxslt.1.dylib
0x00007fff29e57000 	/System/Library/PrivateFrameworks/BackgroundTaskManagement.framework/Versions/A/BackgroundTaskManagement
0x00007fff2be47000 	/System/Library/Frameworks/ImageIO.framework/Versions/A/Resources/libRadiance.dylib
0x00007fff2be51000 	/System/Library/Frameworks/ImageIO.framework/Versions/A/Resources/libJPEG.dylib
0x00007fff2bd9b000 	/System/Library/Frameworks/ImageIO.framework/Versions/A/Resources/libPng.dylib
0x00007fff2bdc2000 	/System/Library/Frameworks/ImageIO.framework/Versions/A/Resources/libTIFF.dylib
0x00007fff2bea6000 	/System/Library/Frameworks/ImageIO.framework/Versions/A/Resources/libGIF.dylib
0x00007fff2baed000 	/System/Library/Frameworks/ImageIO.framework/Versions/A/Resources/libJP2.dylib
0x00007fff2b209000 	/usr/lib/libexpat.1.dylib
0x00007fff2baa3000 	/System/Library/PrivateFrameworks/AppleJPEG.framework/Versions/A/AppleJPEG
0x00007fff286b1000 	/System/Library/PrivateFrameworks/FontServices.framework/libFontParser.dylib
0x00007fff26384000 	/System/Library/PrivateFrameworks/RunningBoardServices.framework/Versions/A/RunningBoardServices
0x00007fff2bbcd000 	/System/Library/PrivateFrameworks/WatchdogClient.framework/Versions/A/WatchdogClient
0x00007fff21770000 	/System/Library/Frameworks/CoreDisplay.framework/Versions/A/CoreDisplay
0x00007fff285c6000 	/System/Library/Frameworks/CoreMedia.framework/Versions/A/CoreMedia
0x00007fff27450000 	/System/Library/Frameworks/CoreVideo.framework/Versions/A/CoreVideo
0x00007fff2bc08000 	/System/Library/Frameworks/VideoToolbox.framework/Versions/A/VideoToolbox
0x00007fff26304000 	/System/Library/PrivateFrameworks/BaseBoard.framework/Versions/A/BaseBoard
0x00007fff2b34d000 	/System/Library/PrivateFrameworks/PersistentConnection.framework/Versions/A/PersistentConnection
0x00007fff260a5000 	/System/Library/PrivateFrameworks/ProtocolBuffer.framework/Versions/A/ProtocolBuffer
0x00007fff262ec000 	/System/Library/PrivateFrameworks/CommonUtilities.framework/Versions/A/CommonUtilities
0x00007fff2ba66000 	/System/Library/PrivateFrameworks/Bom.framework/Versions/A/Bom
0x00007fff2be3f000 	/System/Library/PrivateFrameworks/GPUWrangler.framework/Versions/A/GPUWrangler
0x00007fff2be22000 	/System/Library/PrivateFrameworks/IOPresentment.framework/Versions/A/IOPresentment
0x00007fff2be4b000 	/System/Library/PrivateFrameworks/DSExternalDisplay.framework/Versions/A/DSExternalDisplay
0x00007fff2beab000 	/System/Library/PrivateFrameworks/CMCaptureCore.framework/Versions/A/CMCaptureCore
0x00007fff2b7e9000 	/System/Library/PrivateFrameworks/AppServerSupport.framework/Versions/A/AppServerSupport
0x00007fff2d886000 	/System/Library/PrivateFrameworks/perfdata.framework/Versions/A/perfdata
0x00007fff29dba000 	/System/Library/PrivateFrameworks/AssertionServices.framework/Versions/A/AssertionServices
0x00007fff218a7000 	/System/Library/PrivateFrameworks/AudioToolboxCore.framework/Versions/A/AudioToolboxCore
0x00007fff285a9000 	/System/Library/PrivateFrameworks/caulk.framework/Versions/A/caulk
0x00007fff3cd32000 	/System/Library/PrivateFrameworks/SystemPolicy.framework/Versions/A/SystemPolicy
0x00007fff2b018000 	/usr/lib/libIOReport.dylib
0x00007fff2d0c2000 	/usr/lib/libSMC.dylib
0x00007fff2bd67000 	/usr/lib/libAudioToolboxUtility.dylib
0x00007fff3d68f000 	/usr/lib/libmis.dylib
0x00007fff6bc33000 	/System/Library/Frameworks/OpenGL.framework/Versions/A/Libraries/libGLU.dylib
0x00007fff6bbf6000 	/System/Library/Frameworks/OpenGL.framework/Versions/A/Libraries/libGFXShared.dylib
0x00007fff6be04000 	/System/Library/Frameworks/OpenGL.framework/Versions/A/Libraries/libGL.dylib
0x00007fff6bbff000 	/System/Library/Frameworks/OpenGL.framework/Versions/A/Libraries/libGLImage.dylib
0x00007fff6bbf3000 	/System/Library/Frameworks/OpenGL.framework/Versions/A/Libraries/libCVMSPluginSupport.dylib
0x00007fff6bbde000 	/System/Library/Frameworks/OpenGL.framework/Versions/A/Libraries/libCoreVMClient.dylib
0x00007fff6d24e000 	/System/Library/Frameworks/OpenCL.framework/Versions/A/OpenCL
0x00007fff2b376000 	/System/Library/PrivateFrameworks/GraphVisualizer.framework/Versions/A/GraphVisualizer
0x00007fff2b385000 	/System/Library/PrivateFrameworks/FaceCore.framework/Versions/A/FaceCore
0x00007fff2b7a1000 	/System/Library/PrivateFrameworks/OTSVG.framework/Versions/A/OTSVG
0x00007fff27045000 	/System/Library/Frameworks/ApplicationServices.framework/Versions/A/Frameworks/ATS.framework/Versions/A/Resources/libFontRegistry.dylib
0x00007fff2b7f0000 	/System/Library/PrivateFrameworks/FontServices.framework/libhvf.dylib
0x00007fff2b1b5000 	/System/Library/PrivateFrameworks/AppleVA.framework/Versions/A/AppleVA
0x00007fff2cf0a000 	/System/Library/Frameworks/ApplicationServices.framework/Versions/A/Frameworks/ATS.framework/Versions/A/ATS
0x00007fff2d21d000 	/System/Library/Frameworks/ApplicationServices.framework/Versions/A/Frameworks/ColorSyncLegacy.framework/Versions/A/ColorSyncLegacy
0x00007fff25883000 	/System/Library/Frameworks/ApplicationServices.framework/Versions/A/Frameworks/HIServices.framework/Versions/A/HIServices
0x00007fff2d202000 	/System/Library/Frameworks/ApplicationServices.framework/Versions/A/Frameworks/LangAnalysis.framework/Versions/A/LangAnalysis
0x00007fff2beb5000 	/System/Library/Frameworks/ApplicationServices.framework/Versions/A/Frameworks/PrintCore.framework/Versions/A/PrintCore
0x00007fff2d225000 	/System/Library/Frameworks/ApplicationServices.framework/Versions/A/Frameworks/QD.framework/Versions/A/QD
0x00007fff2cefa000 	/System/Library/Frameworks/ApplicationServices.framework/Versions/A/Frameworks/SpeechSynthesis.framework/Versions/A/SpeechSynthesis
0x00007fff2be76000 	/System/Library/Frameworks/ApplicationServices.framework/Versions/A/Frameworks/ATSUI.framework/Versions/A/ATSUI
0x00007fff2d1a2000 	/usr/lib/libcups.2.dylib
0x00007fff2d212000 	/System/Library/PrivateFrameworks/NetAuth.framework/Versions/A/NetAuth
0x00007fff2d8a1000 	/System/Library/Frameworks/Kerberos.framework/Versions/A/Kerberos
0x00007fff2d8b1000 	/System/Library/Frameworks/GSS.framework/Versions/A/GSS
0x00007fff2cf77000 	/usr/lib/libresolv.9.dylib
0x00007fff2b806000 	/System/Library/PrivateFrameworks/Heimdal.framework/Versions/A/Heimdal
0x00007fff33568000 	/System/Library/Frameworks/Kerberos.framework/Versions/A/Libraries/libHeimdalProxy.dylib
0x00007fff26451000 	/System/Library/Frameworks/Network.framework/Versions/A/Network
0x00007fff2b222000 	/usr/lib/libheimdal-asn1.dylib
0x00007fff2d902000 	/System/Library/PrivateFrameworks/CommonAuth.framework/Versions/A/CommonAuth
0x00007fff2749e000 	/System/Library/PrivateFrameworks/login.framework/Versions/A/Frameworks/loginsupport.framework/Versions/A/loginsupport
0x00007fff2ce81000 	/System/Library/PrivateFrameworks/AudioSession.framework/Versions/A/AudioSession
0x00007fff2cee7000 	/usr/lib/libAudioStatistics.dylib
0x00007fff2b2ae000 	/System/Library/PrivateFrameworks/MediaExperience.framework/Versions/A/MediaExperience
0x00007fff2cd1a000 	/System/Library/PrivateFrameworks/AudioSession.framework/libSessionUtility.dylib
0x00007fff2d892000 	/usr/lib/libperfcheck.dylib
0x00007fff2d231000 	/System/Library/PrivateFrameworks/AudioResourceArbitration.framework/Versions/A/AudioResourceArbitration
0x00007fff2b22c000 	/System/Library/PrivateFrameworks/IconFoundation.framework/Versions/A/IconFoundation
0x00007fff2fd35000 	/System/Library/PrivateFrameworks/SpeechRecognitionCore.framework/Versions/A/SpeechRecognitionCore
0x0000000113000000 	/Library/Java/JavaVirtualMachines/adoptopenjdk-11.jdk/Contents/Home/lib/server/libjvm.dylib
0x000000010eed9000 	/Library/Java/JavaVirtualMachines/adoptopenjdk-11.jdk/Contents/Home/lib/libverify.dylib
0x000000010eeea000 	/Library/Java/JavaVirtualMachines/adoptopenjdk-11.jdk/Contents/Home/lib/libjava.dylib
0x000000010ef17000 	/Library/Java/JavaVirtualMachines/adoptopenjdk-11.jdk/Contents/Home/lib/libjimage.dylib
0x000000010ef25000 	/Library/Java/JavaVirtualMachines/adoptopenjdk-11.jdk/Contents/Home/lib/libinstrument.dylib
0x000000010ef7d000 	/Library/Java/JavaVirtualMachines/adoptopenjdk-11.jdk/Contents/Home/lib/libzip.dylib
0x000000010efba000 	/Library/Java/JavaVirtualMachines/adoptopenjdk-11.jdk/Contents/Home/lib/libnio.dylib
0x000000010efcd000 	/Library/Java/JavaVirtualMachines/adoptopenjdk-11.jdk/Contents/Home/lib/libnet.dylib
0x0000000116d0d000 	/Library/Java/JavaVirtualMachines/adoptopenjdk-11.jdk/Contents/Home/lib/libsunec.dylib
0x000000010efe6000 	/Users/jaydoubleu/Library/Application Support/Code/User/globalStorage/redhat.java/0.81.0/config_ss_mac/org.eclipse.equinox.launcher/org.eclipse.equinox.launcher.cocoa.macosx.x86_64_1.2.300.v20210622-1446/eclipse_11501.so
0x00007fff22c3e000 	/System/Library/PrivateFrameworks/CoreServicesInternal.framework/Versions/A/CoreServicesInternal
0x00007fff310bc000 	/System/Library/Frameworks/FileProvider.framework/Versions/A/FileProvider
0x00007fff2626f000 	/System/Library/Frameworks/Accounts.framework/Versions/A/Accounts
0x00007fff3120c000 	/System/Library/PrivateFrameworks/GenerationalStorage.framework/Versions/A/GenerationalStorage
0x00007fff31ba6000 	/System/Library/PrivateFrameworks/CoreSymbolication.framework/Versions/A/CoreSymbolication
0x00007fff30adc000 	/System/Library/PrivateFrameworks/SymptomDiagnosticReporter.framework/Versions/A/SymptomDiagnosticReporter
0x00007fff23d6f000 	/System/Library/PrivateFrameworks/DesktopServicesPriv.framework/Versions/A/DesktopServicesPriv
0x00007fff22d73000 	/usr/lib/libsandbox.1.dylib
0x00007fff274c9000 	/System/Library/PrivateFrameworks/UserManagement.framework/Versions/A/UserManagement
0x00007fff29d97000 	/System/Library/PrivateFrameworks/MobileKeyBag.framework/Versions/A/MobileKeyBag
0x00007fff345eb000 	/System/Library/PrivateFrameworks/ChunkingLibrary.framework/Versions/A/ChunkingLibrary
0x00007fff31b6a000 	/System/Library/PrivateFrameworks/DebugSymbols.framework/Versions/A/DebugSymbols
0x00007fff2e2c5000 	/System/Library/PrivateFrameworks/Sharing.framework/Versions/A/Sharing
0x00007fff32b6a000 	/System/Library/PrivateFrameworks/Apple80211.framework/Versions/A/Apple80211
0x00007fff2a444000 	/System/Library/PrivateFrameworks/AuthKit.framework/Versions/A/AuthKit
0x00007fff29b95000 	/System/Library/PrivateFrameworks/CoreUtils.framework/Versions/A/CoreUtils
0x00007fff29ac2000 	/System/Library/Frameworks/CoreWLAN.framework/Versions/A/CoreWLAN
0x00007fff2e411000 	/System/Library/Frameworks/IOBluetooth.framework/Versions/A/IOBluetooth
0x00007fff32bce000 	/System/Library/PrivateFrameworks/CoreWiFi.framework/Versions/A/CoreWiFi
0x00007fff2d988000 	/System/Library/PrivateFrameworks/CorePhoneNumbers.framework/Versions/A/CorePhoneNumbers
0x00007fff30be3000 	/System/Library/PrivateFrameworks/DiskManagement.framework/Versions/A/DiskManagement
0x00007fff30af9000 	/System/Library/PrivateFrameworks/AppleIDAuthSupport.framework/Versions/A/AppleIDAuthSupport
0x00007fff2d968000 	/System/Library/PrivateFrameworks/KeychainCircle.framework/Versions/A/KeychainCircle
0x00007fff30baf000 	/System/Library/PrivateFrameworks/MediaKit.framework/Versions/A/MediaKit
0x00007fff30b06000 	/System/Library/Frameworks/DiscRecording.framework/Versions/A/DiscRecording
0x00007fff2b129000 	/usr/lib/libCoreStorage.dylib
0x00007fff33009000 	/usr/lib/libcsfde.dylib
0x00007fff2e54c000 	/System/Library/PrivateFrameworks/ProtectedCloudStorage.framework/Versions/A/ProtectedCloudStorage
0x00007fff33001000 	/System/Library/PrivateFrameworks/EFILogin.framework/Versions/A/EFILogin
0x00007fff3361b000 	/System/Library/Frameworks/AudioUnit.framework/Versions/A/AudioUnit
0x00007fff30a76000 	/System/Library/Frameworks/CoreBluetooth.framework/Versions/A/CoreBluetooth
0x00007fff2b121000 	/usr/lib/libMatch.1.dylib
0x00007fff271c8000 	/System/Library/PrivateFrameworks/ViewBridge.framework/Versions/A/ViewBridge


VM Arguments:
jvm_args: --add-modules=ALL-SYSTEM --add-opens=java.base/java.util=ALL-UNNAMED --add-opens=java.base/java.lang=ALL-UNNAMED -Declipse.application=org.eclipse.jdt.ls.core.id1 -Dosgi.bundles.defaultStartLevel=4 -Declipse.product=org.eclipse.jdt.ls.core.product -Dfile.encoding=utf8 -XX:+UseParallelGC -XX:GCTimeRatio=4 -XX:AdaptiveSizePolicyWeight=90 -Dsun.zip.disableMemoryMapping=true -Xmx1G -Xms100m -javaagent:/Users/jaydoubleu/.vscode/extensions/gabrielbb.vscode-lombok-1.0.1/server/lombok.jar -Xverify:none 
java_command: /Users/jaydoubleu/.vscode/extensions/redhat.java-0.81.0/server/plugins/org.eclipse.equinox.launcher_1.6.200.v20210416-2027.jar -configuration /Users/jaydoubleu/Library/Application Support/Code/User/globalStorage/redhat.java/0.81.0/config_ss_mac -data /Users/jaydoubleu/Library/Application Support/Code/User/workspaceStorage/4d6e759840acb6f08c4eda1abae68d39/redhat.java/ss_ws
java_class_path (initial): /Users/jaydoubleu/.vscode/extensions/redhat.java-0.81.0/server/plugins/org.eclipse.equinox.launcher_1.6.200.v20210416-2027.jar
Launcher Type: SUN_STANDARD

[Global flags]
    uintx AdaptiveSizePolicyWeight                 = 90                                        {product} {command line}
     bool BytecodeVerificationLocal                = false                                     {product} {command line}
     bool BytecodeVerificationRemote               = false                                     {product} {command line}
     intx CICompilerCount                          = 4                                         {product} {ergonomic}
    uintx GCTimeRatio                              = 4                                         {product} {command line}
   size_t InitialHeapSize                          = 104857600                                 {product} {command line}
   size_t MaxHeapSize                              = 1073741824                                {product} {command line}
   size_t MaxNewSize                               = 357564416                                 {product} {ergonomic}
   size_t MinHeapDeltaBytes                        = 524288                                    {product} {ergonomic}
   size_t NewSize                                  = 34603008                                  {product} {ergonomic}
    uintx NonNMethodCodeHeapSize                   = 5836300                                {pd product} {ergonomic}
    uintx NonProfiledCodeHeapSize                  = 122910970                              {pd product} {ergonomic}
   size_t OldSize                                  = 70254592                                  {product} {ergonomic}
    uintx ProfiledCodeHeapSize                     = 122910970                              {pd product} {ergonomic}
    uintx ReservedCodeCacheSize                    = 251658240                              {pd product} {ergonomic}
     bool SegmentedCodeCache                       = true                                      {product} {ergonomic}
     bool UseCompressedClassPointers               = true                                 {lp64_product} {ergonomic}
     bool UseCompressedOops                        = true                                 {lp64_product} {ergonomic}
     bool UseParallelGC                            = true                                      {product} {command line}

Logging:
Log output configuration:
 #0: stdout all=warning uptime,level,tags
 #1: stderr all=off uptime,level,tags

Environment Variables:
PATH=/usr/local/bin:/usr/bin:/bin:/usr/sbin:/sbin:/Applications/VMware Fusion.app/Contents/Public:/Library/Apple/usr/bin:/Applications/Postgres.app/Contents/Versions/latest/bin
SHELL=/bin/zsh

Signal Handlers:
SIGSEGV: [libjvm.dylib+0x7bc7ea], sa_mask[0]=11111111011111110111111111111111, sa_flags=SA_ONSTACK|SA_RESTART|SA_SIGINFO
SIGBUS: [libjvm.dylib+0x7bc7ea], sa_mask[0]=11111111011111110111111111111111, sa_flags=SA_RESTART|SA_SIGINFO
SIGFPE: [libjvm.dylib+0x7bc7ea], sa_mask[0]=11111111011111110111111111111111, sa_flags=SA_RESTART|SA_SIGINFO
SIGPIPE: [libjvm.dylib+0x62226b], sa_mask[0]=11111111011111110111111111111111, sa_flags=SA_RESTART|SA_SIGINFO
SIGXFSZ: [libjvm.dylib+0x62226b], sa_mask[0]=11111111011111110111111111111111, sa_flags=SA_RESTART|SA_SIGINFO
SIGILL: [libjvm.dylib+0x7bc7ea], sa_mask[0]=11111111011111110111111111111111, sa_flags=SA_RESTART|SA_SIGINFO
SIGUSR2: [libjvm.dylib+0x622853], sa_mask[0]=00000000000000000000000000000000, sa_flags=SA_RESTART|SA_SIGINFO
SIGHUP: [libjvm.dylib+0x6213f1], sa_mask[0]=11111111011111110111111111111111, sa_flags=SA_RESTART|SA_SIGINFO
SIGINT: [libjvm.dylib+0x6213f1], sa_mask[0]=11111111011111110111111111111111, sa_flags=SA_RESTART|SA_SIGINFO
SIGTERM: [libjvm.dylib+0x6213f1], sa_mask[0]=11111111011111110111111111111111, sa_flags=SA_RESTART|SA_SIGINFO
SIGQUIT: [libjvm.dylib+0x6213f1], sa_mask[0]=11111111011111110111111111111111, sa_flags=SA_RESTART|SA_SIGINFO


---------------  S Y S T E M  ---------------

OS:uname:Darwin 20.6.0 Darwin Kernel Version 20.6.0: Wed Jun 23 00:26:31 PDT 2021; root:xnu-7195.141.2~5/RELEASE_X86_64 x86_64
OS uptime: 13 days 16:35 hours
rlimit (soft/hard): STACK 8192k/65532k , CORE 0k/infinity , NPROC 1392/2088 , NOFILE 10240/infinity , AS infinity/infinity , CPU infinity/infinity , DATA infinity/infinity , FSIZE infinity/infinity , MEMLOCK infinity/infinity , RSS infinity/infinity
load average:8.27 3.85 3.07

CPU:total 8 (initial active 8) (4 cores per cpu, 2 threads per core) family 6 model 126 stepping 5 microcode 0xa6, cmov, cx8, fxsr, mmx, sse, sse2, sse3, ssse3, sse4.1, sse4.2, popcnt, avx, avx2, aes, clmul, erms, 3dnowpref, lzcnt, ht, tsc, tscinvbit, bmi1, bmi2, adx, sha, fma

Memory: 4k page, physical 8388608k(49836k free), swap 4194304k(987648k free)

vm_info: OpenJDK 64-Bit Server VM (11.0.11+9) for bsd-amd64 JRE (11.0.11+9), built on Apr 20 2021 22:06:18 by "jenkins" with gcc 4.2.1 Compatible Apple LLVM 10.0.1 (clang-1001.0.46.4)

END.
